   1              		.syntax unified
   2              		.arch armv7e-m
   3              		.eabi_attribute 27, 1
   4              		.eabi_attribute 28, 1
   5              		.fpu fpv4-sp-d16
   6              		.eabi_attribute 20, 1
   7              		.eabi_attribute 21, 1
   8              		.eabi_attribute 23, 3
   9              		.eabi_attribute 24, 1
  10              		.eabi_attribute 25, 1
  11              		.eabi_attribute 26, 1
  12              		.eabi_attribute 30, 4
  13              		.eabi_attribute 34, 1
  14              		.eabi_attribute 18, 4
  15              		.thumb
  16              		.syntax unified
  17              		.file	"button.c"
  18              		.text
  19              	.Ltext0:
  20              		.cfi_sections	.debug_frame
  21              		.align	1
  22              		.global	button_init
  23              		.thumb
  24              		.thumb_func
  25              		.type	button_init, %function
  26              	button_init:
  27              	.LFB398:
  28              		.file 1 "src/sys/button.c"
   1:src/sys/button.c **** #include <stdio.h>
   2:src/sys/button.c **** #include "button.h"
   3:src/sys/button.c **** #include "sys/devices.h"
   4:src/sys/button.c **** 
   5:src/sys/button.c **** 
   6:src/sys/button.c **** void button_init() {    /*This sets up the button on PB8 - User Button Shield and also the Switches
  29              		.loc 1 6 0
  30              		.cfi_startproc
  31              		@ args = 0, pretend = 0, frame = 0
  32              		@ frame_needed = 0, uses_anonymous_args = 0
  33              		@ link register save eliminated.
   7:src/sys/button.c **** 
   8:src/sys/button.c **** 	GPIOB.MODER = GPIOB.MODER & ~(0xFF<<6 | 3<<16);    /* Input */
  34              		.loc 1 8 0
  35 0000 064A     		ldr	r2, .L2
  36 0002 1368     		ldr	r3, [r2]
  37 0004 23F44F33 		bic	r3, r3, #211968
  38 0008 23F47073 		bic	r3, r3, #960
  39 000c 1360     		str	r3, [r2]
   9:src/sys/button.c **** 	GPIOB.PUPDR = GPIOB.PUPDR & ~(0xFF<<6 | 3<<16);    /* No pull */
  40              		.loc 1 9 0
  41 000e D368     		ldr	r3, [r2, #12]
  42 0010 23F44F33 		bic	r3, r3, #211968
  43 0014 23F47073 		bic	r3, r3, #960
  44 0018 D360     		str	r3, [r2, #12]
  45 001a 7047     		bx	lr
  46              	.L3:
  47              		.align	2
  48              	.L2:
  49 001c 00000000 		.word	GPIOB
  50              		.cfi_endproc
  51              	.LFE398:
  52              		.size	button_init, .-button_init
  53              		.align	1
  54              		.global	button_irq_init
  55              		.thumb
  56              		.thumb_func
  57              		.type	button_irq_init, %function
  58              	button_irq_init:
  59              	.LFB399:
  10:src/sys/button.c **** }
  11:src/sys/button.c **** 
  12:src/sys/button.c **** void button_irq_init () {   /* This is for seting up the interrupt on the button PB8 - User Button 
  60              		.loc 1 12 0
  61              		.cfi_startproc
  62              		@ args = 0, pretend = 0, frame = 0
  63              		@ frame_needed = 0, uses_anonymous_args = 0
  64              		@ link register save eliminated.
  13:src/sys/button.c ****     
  14:src/sys/button.c ****   /* set PB8 as EXTI8 input */
  15:src/sys/button.c ****   SYSCFG.EXTICR3 = (SYSCFG.EXTICR3 & ~(0xf<<0)) | (0x1<<0);
  65              		.loc 1 15 0
  66 0020 0C4A     		ldr	r2, .L5
  67 0022 1369     		ldr	r3, [r2, #16]
  68 0024 23F00F03 		bic	r3, r3, #15
  69 0028 43F00103 		orr	r3, r3, #1
  70 002c 1361     		str	r3, [r2, #16]
  16:src/sys/button.c **** 
  17:src/sys/button.c ****   /* Setup interrupt for EXTI8, falling edge */
  18:src/sys/button.c ****   EXTI.IMR  |= (1<<8);
  71              		.loc 1 18 0
  72 002e 0A4B     		ldr	r3, .L5+4
  73 0030 1A68     		ldr	r2, [r3]
  74 0032 42F48072 		orr	r2, r2, #256
  75 0036 1A60     		str	r2, [r3]
  19:src/sys/button.c ****   EXTI.RTSR &= ~(1<<8);
  76              		.loc 1 19 0
  77 0038 9A68     		ldr	r2, [r3, #8]
  78 003a 22F48072 		bic	r2, r2, #256
  79 003e 9A60     		str	r2, [r3, #8]
  20:src/sys/button.c ****   EXTI.FTSR |= (1<<8);
  80              		.loc 1 20 0
  81 0040 DA68     		ldr	r2, [r3, #12]
  82 0042 42F48072 		orr	r2, r2, #256
  83 0046 DA60     		str	r2, [r3, #12]
  21:src/sys/button.c **** 
  22:src/sys/button.c ****   /* enable EXTI8 IRQ */
  23:src/sys/button.c ****   NVIC.ISER[23/32]=(1<<(23%32)); 
  84              		.loc 1 23 0
  85 0048 044B     		ldr	r3, .L5+8
  86 004a 4FF40002 		mov	r2, #8388608
  87 004e 1A60     		str	r2, [r3]
  88 0050 7047     		bx	lr
  89              	.L6:
  90 0052 00BF     		.align	2
  91              	.L5:
  92 0054 00000000 		.word	SYSCFG
  93 0058 00000000 		.word	EXTI
  94 005c 00000000 		.word	NVIC
  95              		.cfi_endproc
  96              	.LFE399:
  97              		.size	button_irq_init, .-button_irq_init
  98              		.align	1
  99              		.global	button_init_2
 100              		.thumb
 101              		.thumb_func
 102              		.type	button_init_2, %function
 103              	button_init_2:
 104              	.LFB400:
  24:src/sys/button.c **** }
  25:src/sys/button.c **** 
  26:src/sys/button.c **** void button_init_2() {  /* This sets up the button on PC13 - User Button STM32*/
 105              		.loc 1 26 0
 106              		.cfi_startproc
 107              		@ args = 0, pretend = 0, frame = 0
 108              		@ frame_needed = 0, uses_anonymous_args = 0
 109              		@ link register save eliminated.
  27:src/sys/button.c **** 
  28:src/sys/button.c **** 	GPIOC.MODER = GPIOB.MODER & ~(0b11<<26);   /* Input */
 110              		.loc 1 28 0
 111 0060 0549     		ldr	r1, .L8
 112 0062 064A     		ldr	r2, .L8+4
 113 0064 0B68     		ldr	r3, [r1]
 114 0066 23F04063 		bic	r3, r3, #201326592
 115 006a 1360     		str	r3, [r2]
  29:src/sys/button.c **** 	GPIOC.PUPDR = GPIOB.PUPDR & ~(0b11<<26);   /* No pull */
 116              		.loc 1 29 0
 117 006c CB68     		ldr	r3, [r1, #12]
 118 006e 23F04063 		bic	r3, r3, #201326592
 119 0072 D360     		str	r3, [r2, #12]
 120 0074 7047     		bx	lr
 121              	.L9:
 122 0076 00BF     		.align	2
 123              	.L8:
 124 0078 00000000 		.word	GPIOB
 125 007c 00000000 		.word	GPIOC
 126              		.cfi_endproc
 127              	.LFE400:
 128              		.size	button_init_2, .-button_init_2
 129              		.align	1
 130              		.global	button_irq_init2
 131              		.thumb
 132              		.thumb_func
 133              		.type	button_irq_init2, %function
 134              	button_irq_init2:
 135              	.LFB401:
  30:src/sys/button.c **** }
  31:src/sys/button.c **** 
  32:src/sys/button.c **** void button_irq_init2 () {   /* This is for seting up the interrupt on the button PC13 - User Butto
 136              		.loc 1 32 0
 137              		.cfi_startproc
 138              		@ args = 0, pretend = 0, frame = 0
 139              		@ frame_needed = 0, uses_anonymous_args = 0
 140              		@ link register save eliminated.
  33:src/sys/button.c ****     
  34:src/sys/button.c ****   /* set PC13 as EXTI15_10 input */
  35:src/sys/button.c ****   SYSCFG.EXTICR4 = (SYSCFG.EXTICR4 & ~(0xf0<<0)) ^ (0x20);
 141              		.loc 1 35 0
 142 0080 0C4A     		ldr	r2, .L11
 143 0082 5369     		ldr	r3, [r2, #20]
 144 0084 23F0F003 		bic	r3, r3, #240
 145 0088 83F02003 		eor	r3, r3, #32
 146 008c 5361     		str	r3, [r2, #20]
  36:src/sys/button.c **** 
  37:src/sys/button.c ****   /* Setup interrupt for EXTI13, falling edge */
  38:src/sys/button.c ****   EXTI.IMR  |= (1<<13);
 147              		.loc 1 38 0
 148 008e 0A4B     		ldr	r3, .L11+4
 149 0090 1A68     		ldr	r2, [r3]
 150 0092 42F40052 		orr	r2, r2, #8192
 151 0096 1A60     		str	r2, [r3]
  39:src/sys/button.c ****   EXTI.RTSR &= ~(1<<13);
 152              		.loc 1 39 0
 153 0098 9A68     		ldr	r2, [r3, #8]
 154 009a 22F40052 		bic	r2, r2, #8192
 155 009e 9A60     		str	r2, [r3, #8]
  40:src/sys/button.c ****   EXTI.FTSR |= (1<<13); 
 156              		.loc 1 40 0
 157 00a0 DA68     		ldr	r2, [r3, #12]
 158 00a2 42F40052 		orr	r2, r2, #8192
 159 00a6 DA60     		str	r2, [r3, #12]
  41:src/sys/button.c ****   
  42:src/sys/button.c ****   /* enable EXTI13 IRQ */
  43:src/sys/button.c ****   NVIC.ISER[40/32]=(1<<(40%32));
 160              		.loc 1 43 0
 161 00a8 044B     		ldr	r3, .L11+8
 162 00aa 4FF48072 		mov	r2, #256
 163 00ae 5A60     		str	r2, [r3, #4]
 164 00b0 7047     		bx	lr
 165              	.L12:
 166 00b2 00BF     		.align	2
 167              	.L11:
 168 00b4 00000000 		.word	SYSCFG
 169 00b8 00000000 		.word	EXTI
 170 00bc 00000000 		.word	NVIC
 171              		.cfi_endproc
 172              	.LFE401:
 173              		.size	button_irq_init2, .-button_irq_init2
 174              	.Letext0:
 175              		.file 2 "/usr/include/newlib/machine/_default_types.h"
 176              		.file 3 "/usr/include/newlib/sys/_stdint.h"
 177              		.file 4 "src/sys/devices.h"
 178              		.section	.debug_info,"",%progbits
 179              	.Ldebug_info0:
 180 0000 86050000 		.4byte	0x586
 181 0004 0400     		.2byte	0x4
 182 0006 00000000 		.4byte	.Ldebug_abbrev0
 183 000a 04       		.byte	0x4
 184 000b 01       		.uleb128 0x1
 185 000c 0F000000 		.4byte	.LASF94
 186 0010 0C       		.byte	0xc
 187 0011 3B020000 		.4byte	.LASF95
 188 0015 70020000 		.4byte	.LASF96
 189 0019 00000000 		.4byte	.Ltext0
 190 001d C0000000 		.4byte	.Letext0-.Ltext0
 191 0021 00000000 		.4byte	.Ldebug_line0
 192 0025 02       		.uleb128 0x2
 193 0026 01       		.byte	0x1
 194 0027 06       		.byte	0x6
 195 0028 C6020000 		.4byte	.LASF0
 196 002c 03       		.uleb128 0x3
 197 002d 22020000 		.4byte	.LASF5
 198 0031 02       		.byte	0x2
 199 0032 1D       		.byte	0x1d
 200 0033 37000000 		.4byte	0x37
 201 0037 02       		.uleb128 0x2
 202 0038 01       		.byte	0x1
 203 0039 08       		.byte	0x8
 204 003a 62020000 		.4byte	.LASF1
 205 003e 02       		.uleb128 0x2
 206 003f 02       		.byte	0x2
 207 0040 05       		.byte	0x5
 208 0041 E0000000 		.4byte	.LASF2
 209 0045 02       		.uleb128 0x2
 210 0046 02       		.byte	0x2
 211 0047 07       		.byte	0x7
 212 0048 87030000 		.4byte	.LASF3
 213 004c 02       		.uleb128 0x2
 214 004d 04       		.byte	0x4
 215 004e 05       		.byte	0x5
 216 004f FC010000 		.4byte	.LASF4
 217 0053 03       		.uleb128 0x3
 218 0054 29010000 		.4byte	.LASF6
 219 0058 02       		.byte	0x2
 220 0059 41       		.byte	0x41
 221 005a 5E000000 		.4byte	0x5e
 222 005e 02       		.uleb128 0x2
 223 005f 04       		.byte	0x4
 224 0060 07       		.byte	0x7
 225 0061 F7030000 		.4byte	.LASF7
 226 0065 02       		.uleb128 0x2
 227 0066 08       		.byte	0x8
 228 0067 05       		.byte	0x5
 229 0068 1B010000 		.4byte	.LASF8
 230 006c 02       		.uleb128 0x2
 231 006d 08       		.byte	0x8
 232 006e 07       		.byte	0x7
 233 006f D2020000 		.4byte	.LASF9
 234 0073 04       		.uleb128 0x4
 235 0074 04       		.byte	0x4
 236 0075 05       		.byte	0x5
 237 0076 696E7400 		.ascii	"int\000"
 238 007a 02       		.uleb128 0x2
 239 007b 04       		.byte	0x4
 240 007c 07       		.byte	0x7
 241 007d F2020000 		.4byte	.LASF10
 242 0081 02       		.uleb128 0x2
 243 0082 04       		.byte	0x4
 244 0083 07       		.byte	0x7
 245 0084 EA000000 		.4byte	.LASF11
 246 0088 02       		.uleb128 0x2
 247 0089 01       		.byte	0x1
 248 008a 08       		.byte	0x8
 249 008b 7D030000 		.4byte	.LASF12
 250 008f 03       		.uleb128 0x3
 251 0090 58010000 		.4byte	.LASF13
 252 0094 03       		.byte	0x3
 253 0095 18       		.byte	0x18
 254 0096 2C000000 		.4byte	0x2c
 255 009a 03       		.uleb128 0x3
 256 009b E9020000 		.4byte	.LASF14
 257 009f 03       		.byte	0x3
 258 00a0 30       		.byte	0x30
 259 00a1 53000000 		.4byte	0x53
 260 00a5 05       		.uleb128 0x5
 261 00a6 2C020000 		.4byte	.LASF26
 262 00aa 5403     		.2byte	0x354
 263 00ac 04       		.byte	0x4
 264 00ad 1D       		.byte	0x1d
 265 00ae 4A010000 		.4byte	0x14a
 266 00b2 06       		.uleb128 0x6
 267 00b3 E1030000 		.4byte	.LASF15
 268 00b7 04       		.byte	0x4
 269 00b8 1E       		.byte	0x1e
 270 00b9 4A010000 		.4byte	0x14a
 271 00bd 00       		.byte	0
 272 00be 06       		.uleb128 0x6
 273 00bf 54040000 		.4byte	.LASF16
 274 00c3 04       		.byte	0x4
 275 00c4 1F       		.byte	0x1f
 276 00c5 5A010000 		.4byte	0x15a
 277 00c9 0C       		.byte	0xc
 278 00ca 06       		.uleb128 0x6
 279 00cb DC030000 		.4byte	.LASF17
 280 00cf 04       		.byte	0x4
 281 00d0 20       		.byte	0x20
 282 00d1 4A010000 		.4byte	0x14a
 283 00d5 80       		.byte	0x80
 284 00d6 06       		.uleb128 0x6
 285 00d7 4C030000 		.4byte	.LASF18
 286 00db 04       		.byte	0x4
 287 00dc 21       		.byte	0x21
 288 00dd 5A010000 		.4byte	0x15a
 289 00e1 8C       		.byte	0x8c
 290 00e2 07       		.uleb128 0x7
 291 00e3 82030000 		.4byte	.LASF19
 292 00e7 04       		.byte	0x4
 293 00e8 22       		.byte	0x22
 294 00e9 4A010000 		.4byte	0x14a
 295 00ed 0001     		.2byte	0x100
 296 00ef 07       		.uleb128 0x7
 297 00f0 09040000 		.4byte	.LASF20
 298 00f4 04       		.byte	0x4
 299 00f5 23       		.byte	0x23
 300 00f6 5A010000 		.4byte	0x15a
 301 00fa 0C01     		.2byte	0x10c
 302 00fc 07       		.uleb128 0x7
 303 00fd C1020000 		.4byte	.LASF21
 304 0101 04       		.byte	0x4
 305 0102 24       		.byte	0x24
 306 0103 4A010000 		.4byte	0x14a
 307 0107 8001     		.2byte	0x180
 308 0109 07       		.uleb128 0x7
 309 010a 9A030000 		.4byte	.LASF22
 310 010e 04       		.byte	0x4
 311 010f 25       		.byte	0x25
 312 0110 5A010000 		.4byte	0x15a
 313 0114 8C01     		.2byte	0x18c
 314 0116 07       		.uleb128 0x7
 315 0117 0A000000 		.4byte	.LASF23
 316 011b 04       		.byte	0x4
 317 011c 26       		.byte	0x26
 318 011d 4A010000 		.4byte	0x14a
 319 0121 0002     		.2byte	0x200
 320 0123 07       		.uleb128 0x7
 321 0124 D7010000 		.4byte	.LASF24
 322 0128 04       		.byte	0x4
 323 0129 27       		.byte	0x27
 324 012a 6A010000 		.4byte	0x16a
 325 012e 0C02     		.2byte	0x20c
 326 0130 08       		.uleb128 0x8
 327 0131 495000   		.ascii	"IP\000"
 328 0134 04       		.byte	0x4
 329 0135 28       		.byte	0x28
 330 0136 7A010000 		.4byte	0x17a
 331 013a 0003     		.2byte	0x300
 332 013c 07       		.uleb128 0x7
 333 013d 36030000 		.4byte	.LASF25
 334 0141 04       		.byte	0x4
 335 0142 29       		.byte	0x29
 336 0143 8A010000 		.4byte	0x18a
 337 0147 5103     		.2byte	0x351
 338 0149 00       		.byte	0
 339 014a 09       		.uleb128 0x9
 340 014b 9A000000 		.4byte	0x9a
 341 014f 5A010000 		.4byte	0x15a
 342 0153 0A       		.uleb128 0xa
 343 0154 81000000 		.4byte	0x81
 344 0158 02       		.byte	0x2
 345 0159 00       		.byte	0
 346 015a 09       		.uleb128 0x9
 347 015b 9A000000 		.4byte	0x9a
 348 015f 6A010000 		.4byte	0x16a
 349 0163 0A       		.uleb128 0xa
 350 0164 81000000 		.4byte	0x81
 351 0168 1C       		.byte	0x1c
 352 0169 00       		.byte	0
 353 016a 09       		.uleb128 0x9
 354 016b 9A000000 		.4byte	0x9a
 355 016f 7A010000 		.4byte	0x17a
 356 0173 0A       		.uleb128 0xa
 357 0174 81000000 		.4byte	0x81
 358 0178 3C       		.byte	0x3c
 359 0179 00       		.byte	0
 360 017a 09       		.uleb128 0x9
 361 017b 8F000000 		.4byte	0x8f
 362 017f 8A010000 		.4byte	0x18a
 363 0183 0A       		.uleb128 0xa
 364 0184 81000000 		.4byte	0x81
 365 0188 50       		.byte	0x50
 366 0189 00       		.byte	0
 367 018a 09       		.uleb128 0x9
 368 018b 8F000000 		.4byte	0x8f
 369 018f 9A010000 		.4byte	0x19a
 370 0193 0A       		.uleb128 0xa
 371 0194 81000000 		.4byte	0x81
 372 0198 02       		.byte	0x2
 373 0199 00       		.byte	0
 374 019a 0B       		.uleb128 0xb
 375 019b 28030000 		.4byte	.LASF27
 376 019f 98       		.byte	0x98
 377 01a0 04       		.byte	0x4
 378 01a1 68       		.byte	0x68
 379 01a2 6E030000 		.4byte	0x36e
 380 01a6 0C       		.uleb128 0xc
 381 01a7 435200   		.ascii	"CR\000"
 382 01aa 04       		.byte	0x4
 383 01ab 69       		.byte	0x69
 384 01ac 9A000000 		.4byte	0x9a
 385 01b0 00       		.byte	0
 386 01b1 06       		.uleb128 0x6
 387 01b2 66030000 		.4byte	.LASF28
 388 01b6 04       		.byte	0x4
 389 01b7 6A       		.byte	0x6a
 390 01b8 9A000000 		.4byte	0x9a
 391 01bc 04       		.byte	0x4
 392 01bd 06       		.uleb128 0x6
 393 01be 53010000 		.4byte	.LASF29
 394 01c2 04       		.byte	0x4
 395 01c3 6B       		.byte	0x6b
 396 01c4 9A000000 		.4byte	0x9a
 397 01c8 08       		.byte	0x8
 398 01c9 0C       		.uleb128 0xc
 399 01ca 43495200 		.ascii	"CIR\000"
 400 01ce 04       		.byte	0x4
 401 01cf 6C       		.byte	0x6c
 402 01d0 9A000000 		.4byte	0x9a
 403 01d4 0C       		.byte	0xc
 404 01d5 06       		.uleb128 0x6
 405 01d6 88040000 		.4byte	.LASF30
 406 01da 04       		.byte	0x4
 407 01db 6D       		.byte	0x6d
 408 01dc 9A000000 		.4byte	0x9a
 409 01e0 10       		.byte	0x10
 410 01e1 06       		.uleb128 0x6
 411 01e2 FF020000 		.4byte	.LASF31
 412 01e6 04       		.byte	0x4
 413 01e7 6E       		.byte	0x6e
 414 01e8 9A000000 		.4byte	0x9a
 415 01ec 14       		.byte	0x14
 416 01ed 06       		.uleb128 0x6
 417 01ee A0040000 		.4byte	.LASF32
 418 01f2 04       		.byte	0x4
 419 01f3 6F       		.byte	0x6f
 420 01f4 9A000000 		.4byte	0x9a
 421 01f8 18       		.byte	0x18
 422 01f9 06       		.uleb128 0x6
 423 01fa B0030000 		.4byte	.LASF33
 424 01fe 04       		.byte	0x4
 425 01ff 70       		.byte	0x70
 426 0200 9A000000 		.4byte	0x9a
 427 0204 1C       		.byte	0x1c
 428 0205 06       		.uleb128 0x6
 429 0206 BB000000 		.4byte	.LASF34
 430 020a 04       		.byte	0x4
 431 020b 71       		.byte	0x71
 432 020c 9A000000 		.4byte	0x9a
 433 0210 20       		.byte	0x20
 434 0211 06       		.uleb128 0x6
 435 0212 19020000 		.4byte	.LASF35
 436 0216 04       		.byte	0x4
 437 0217 72       		.byte	0x72
 438 0218 9A000000 		.4byte	0x9a
 439 021c 24       		.byte	0x24
 440 021d 06       		.uleb128 0x6
 441 021e 91040000 		.4byte	.LASF36
 442 0222 04       		.byte	0x4
 443 0223 73       		.byte	0x73
 444 0224 9A000000 		.4byte	0x9a
 445 0228 28       		.byte	0x28
 446 0229 06       		.uleb128 0x6
 447 022a C8040000 		.4byte	.LASF37
 448 022e 04       		.byte	0x4
 449 022f 74       		.byte	0x74
 450 0230 9A000000 		.4byte	0x9a
 451 0234 2C       		.byte	0x2c
 452 0235 06       		.uleb128 0x6
 453 0236 4C040000 		.4byte	.LASF38
 454 023a 04       		.byte	0x4
 455 023b 75       		.byte	0x75
 456 023c 9A000000 		.4byte	0x9a
 457 0240 30       		.byte	0x30
 458 0241 06       		.uleb128 0x6
 459 0242 C4000000 		.4byte	.LASF39
 460 0246 04       		.byte	0x4
 461 0247 76       		.byte	0x76
 462 0248 9A000000 		.4byte	0x9a
 463 024c 34       		.byte	0x34
 464 024d 06       		.uleb128 0x6
 465 024e AB010000 		.4byte	.LASF40
 466 0252 04       		.byte	0x4
 467 0253 77       		.byte	0x77
 468 0254 9A000000 		.4byte	0x9a
 469 0258 38       		.byte	0x38
 470 0259 06       		.uleb128 0x6
 471 025a 2E040000 		.4byte	.LASF41
 472 025e 04       		.byte	0x4
 473 025f 78       		.byte	0x78
 474 0260 9A000000 		.4byte	0x9a
 475 0264 3C       		.byte	0x3c
 476 0265 06       		.uleb128 0x6
 477 0266 6F010000 		.4byte	.LASF42
 478 026a 04       		.byte	0x4
 479 026b 79       		.byte	0x79
 480 026c 9A000000 		.4byte	0x9a
 481 0270 40       		.byte	0x40
 482 0271 06       		.uleb128 0x6
 483 0272 B9020000 		.4byte	.LASF43
 484 0276 04       		.byte	0x4
 485 0277 7A       		.byte	0x7a
 486 0278 9A000000 		.4byte	0x9a
 487 027c 44       		.byte	0x44
 488 027d 06       		.uleb128 0x6
 489 027e 60010000 		.4byte	.LASF44
 490 0282 04       		.byte	0x4
 491 0283 7B       		.byte	0x7b
 492 0284 9A000000 		.4byte	0x9a
 493 0288 48       		.byte	0x48
 494 0289 06       		.uleb128 0x6
 495 028a 9C010000 		.4byte	.LASF45
 496 028e 04       		.byte	0x4
 497 028f 7C       		.byte	0x7c
 498 0290 9A000000 		.4byte	0x9a
 499 0294 4C       		.byte	0x4c
 500 0295 06       		.uleb128 0x6
 501 0296 00000000 		.4byte	.LASF46
 502 029a 04       		.byte	0x4
 503 029b 7D       		.byte	0x7d
 504 029c 9A000000 		.4byte	0x9a
 505 02a0 50       		.byte	0x50
 506 02a1 06       		.uleb128 0x6
 507 02a2 CD030000 		.4byte	.LASF47
 508 02a6 04       		.byte	0x4
 509 02a7 7E       		.byte	0x7e
 510 02a8 9A000000 		.4byte	0x9a
 511 02ac 54       		.byte	0x54
 512 02ad 06       		.uleb128 0x6
 513 02ae 49010000 		.4byte	.LASF48
 514 02b2 04       		.byte	0x4
 515 02b3 7F       		.byte	0x7f
 516 02b4 9A000000 		.4byte	0x9a
 517 02b8 58       		.byte	0x58
 518 02b9 06       		.uleb128 0x6
 519 02ba 1F040000 		.4byte	.LASF49
 520 02be 04       		.byte	0x4
 521 02bf 80       		.byte	0x80
 522 02c0 9A000000 		.4byte	0x9a
 523 02c4 5C       		.byte	0x5c
 524 02c5 06       		.uleb128 0x6
 525 02c6 73030000 		.4byte	.LASF50
 526 02ca 04       		.byte	0x4
 527 02cb 81       		.byte	0x81
 528 02cc 9A000000 		.4byte	0x9a
 529 02d0 60       		.byte	0x60
 530 02d1 06       		.uleb128 0x6
 531 02d2 BE040000 		.4byte	.LASF51
 532 02d6 04       		.byte	0x4
 533 02d7 82       		.byte	0x82
 534 02d8 9A000000 		.4byte	0x9a
 535 02dc 64       		.byte	0x64
 536 02dd 06       		.uleb128 0x6
 537 02de 6D040000 		.4byte	.LASF52
 538 02e2 04       		.byte	0x4
 539 02e3 83       		.byte	0x83
 540 02e4 9A000000 		.4byte	0x9a
 541 02e8 68       		.byte	0x68
 542 02e9 06       		.uleb128 0x6
 543 02ea AC000000 		.4byte	.LASF53
 544 02ee 04       		.byte	0x4
 545 02ef 84       		.byte	0x84
 546 02f0 9A000000 		.4byte	0x9a
 547 02f4 6C       		.byte	0x6c
 548 02f5 06       		.uleb128 0x6
 549 02f6 F3000000 		.4byte	.LASF54
 550 02fa 04       		.byte	0x4
 551 02fb 85       		.byte	0x85
 552 02fc 9A000000 		.4byte	0x9a
 553 0300 70       		.byte	0x70
 554 0301 0C       		.uleb128 0xc
 555 0302 43535200 		.ascii	"CSR\000"
 556 0306 04       		.byte	0x4
 557 0307 86       		.byte	0x86
 558 0308 9A000000 		.4byte	0x9a
 559 030c 74       		.byte	0x74
 560 030d 06       		.uleb128 0x6
 561 030e 01010000 		.4byte	.LASF55
 562 0312 04       		.byte	0x4
 563 0313 87       		.byte	0x87
 564 0314 9A000000 		.4byte	0x9a
 565 0318 78       		.byte	0x78
 566 0319 06       		.uleb128 0x6
 567 031a 86010000 		.4byte	.LASF56
 568 031e 04       		.byte	0x4
 569 031f 88       		.byte	0x88
 570 0320 9A000000 		.4byte	0x9a
 571 0324 7C       		.byte	0x7c
 572 0325 06       		.uleb128 0x6
 573 0326 34010000 		.4byte	.LASF57
 574 032a 04       		.byte	0x4
 575 032b 89       		.byte	0x89
 576 032c 9A000000 		.4byte	0x9a
 577 0330 80       		.byte	0x80
 578 0331 06       		.uleb128 0x6
 579 0332 10010000 		.4byte	.LASF58
 580 0336 04       		.byte	0x4
 581 0337 8A       		.byte	0x8a
 582 0338 9A000000 		.4byte	0x9a
 583 033c 84       		.byte	0x84
 584 033d 06       		.uleb128 0x6
 585 033e AE040000 		.4byte	.LASF59
 586 0342 04       		.byte	0x4
 587 0343 8B       		.byte	0x8b
 588 0344 9A000000 		.4byte	0x9a
 589 0348 88       		.byte	0x88
 590 0349 06       		.uleb128 0x6
 591 034a 7E010000 		.4byte	.LASF60
 592 034e 04       		.byte	0x4
 593 034f 8C       		.byte	0x8c
 594 0350 9A000000 		.4byte	0x9a
 595 0354 8C       		.byte	0x8c
 596 0355 06       		.uleb128 0x6
 597 0356 F8000000 		.4byte	.LASF61
 598 035a 04       		.byte	0x4
 599 035b 8D       		.byte	0x8d
 600 035c 9A000000 		.4byte	0x9a
 601 0360 90       		.byte	0x90
 602 0361 06       		.uleb128 0x6
 603 0362 0A020000 		.4byte	.LASF62
 604 0366 04       		.byte	0x4
 605 0367 8E       		.byte	0x8e
 606 0368 9A000000 		.4byte	0x9a
 607 036c 94       		.byte	0x94
 608 036d 00       		.byte	0
 609 036e 0B       		.uleb128 0xb
 610 036f 3A010000 		.4byte	.LASF63
 611 0373 28       		.byte	0x28
 612 0374 04       		.byte	0x4
 613 0375 92       		.byte	0x92
 614 0376 F3030000 		.4byte	0x3f3
 615 037a 06       		.uleb128 0x6
 616 037b 13020000 		.4byte	.LASF64
 617 037f 04       		.byte	0x4
 618 0380 93       		.byte	0x93
 619 0381 9A000000 		.4byte	0x9a
 620 0385 00       		.byte	0
 621 0386 06       		.uleb128 0x6
 622 0387 77010000 		.4byte	.LASF65
 623 038b 04       		.byte	0x4
 624 038c 94       		.byte	0x94
 625 038d 9A000000 		.4byte	0x9a
 626 0391 04       		.byte	0x4
 627 0392 06       		.uleb128 0x6
 628 0393 A4000000 		.4byte	.LASF66
 629 0397 04       		.byte	0x4
 630 0398 95       		.byte	0x95
 631 0399 9A000000 		.4byte	0x9a
 632 039d 08       		.byte	0x8
 633 039e 06       		.uleb128 0x6
 634 039f D1010000 		.4byte	.LASF67
 635 03a3 04       		.byte	0x4
 636 03a4 96       		.byte	0x96
 637 03a5 9A000000 		.4byte	0x9a
 638 03a9 0C       		.byte	0xc
 639 03aa 0C       		.uleb128 0xc
 640 03ab 49445200 		.ascii	"IDR\000"
 641 03af 04       		.byte	0x4
 642 03b0 97       		.byte	0x97
 643 03b1 9A000000 		.4byte	0x9a
 644 03b5 10       		.byte	0x10
 645 03b6 0C       		.uleb128 0xc
 646 03b7 4F445200 		.ascii	"ODR\000"
 647 03bb 04       		.byte	0x4
 648 03bc 98       		.byte	0x98
 649 03bd 9A000000 		.4byte	0x9a
 650 03c1 14       		.byte	0x14
 651 03c2 06       		.uleb128 0x6
 652 03c3 05020000 		.4byte	.LASF68
 653 03c7 04       		.byte	0x4
 654 03c8 99       		.byte	0x99
 655 03c9 9A000000 		.4byte	0x9a
 656 03cd 18       		.byte	0x18
 657 03ce 06       		.uleb128 0x6
 658 03cf B9040000 		.4byte	.LASF69
 659 03d3 04       		.byte	0x4
 660 03d4 9A       		.byte	0x9a
 661 03d5 9A000000 		.4byte	0x9a
 662 03d9 1C       		.byte	0x1c
 663 03da 06       		.uleb128 0x6
 664 03db 6E030000 		.4byte	.LASF70
 665 03df 04       		.byte	0x4
 666 03e0 9B       		.byte	0x9b
 667 03e1 9A000000 		.4byte	0x9a
 668 03e5 20       		.byte	0x20
 669 03e6 06       		.uleb128 0x6
 670 03e7 61030000 		.4byte	.LASF71
 671 03eb 04       		.byte	0x4
 672 03ec 9C       		.byte	0x9c
 673 03ed 9A000000 		.4byte	0x9a
 674 03f1 24       		.byte	0x24
 675 03f2 00       		.byte	0
 676 03f3 0B       		.uleb128 0xb
 677 03f4 B3010000 		.4byte	.LASF72
 678 03f8 30       		.byte	0x30
 679 03f9 04       		.byte	0x4
 680 03fa A0       		.byte	0xa0
 681 03fb 90040000 		.4byte	0x490
 682 03ff 06       		.uleb128 0x6
 683 0400 C4010000 		.4byte	.LASF73
 684 0404 04       		.byte	0x4
 685 0405 A1       		.byte	0xa1
 686 0406 9A000000 		.4byte	0x9a
 687 040a 00       		.byte	0
 688 040b 0C       		.uleb128 0xc
 689 040c 504D4300 		.ascii	"PMC\000"
 690 0410 04       		.byte	0x4
 691 0411 A2       		.byte	0xa2
 692 0412 9A000000 		.4byte	0x9a
 693 0416 04       		.byte	0x4
 694 0417 06       		.uleb128 0x6
 695 0418 08030000 		.4byte	.LASF74
 696 041c 04       		.byte	0x4
 697 041d A3       		.byte	0xa3
 698 041e 9A000000 		.4byte	0x9a
 699 0422 08       		.byte	0x8
 700 0423 06       		.uleb128 0x6
 701 0424 10030000 		.4byte	.LASF75
 702 0428 04       		.byte	0x4
 703 0429 A4       		.byte	0xa4
 704 042a 9A000000 		.4byte	0x9a
 705 042e 0C       		.byte	0xc
 706 042f 06       		.uleb128 0x6
 707 0430 18030000 		.4byte	.LASF76
 708 0434 04       		.byte	0x4
 709 0435 A5       		.byte	0xa5
 710 0436 9A000000 		.4byte	0x9a
 711 043a 10       		.byte	0x10
 712 043b 06       		.uleb128 0x6
 713 043c 20030000 		.4byte	.LASF77
 714 0440 04       		.byte	0x4
 715 0441 A6       		.byte	0xa6
 716 0442 9A000000 		.4byte	0x9a
 717 0446 14       		.byte	0x14
 718 0447 06       		.uleb128 0x6
 719 0448 ED010000 		.4byte	.LASF78
 720 044c 04       		.byte	0x4
 721 044d A7       		.byte	0xa7
 722 044e 9A000000 		.4byte	0x9a
 723 0452 18       		.byte	0x18
 724 0453 06       		.uleb128 0x6
 725 0454 B0030000 		.4byte	.LASF33
 726 0458 04       		.byte	0x4
 727 0459 A8       		.byte	0xa8
 728 045a 9A000000 		.4byte	0x9a
 729 045e 1C       		.byte	0x1c
 730 045f 06       		.uleb128 0x6
 731 0460 4C020000 		.4byte	.LASF79
 732 0464 04       		.byte	0x4
 733 0465 A9       		.byte	0xa9
 734 0466 9A000000 		.4byte	0x9a
 735 046a 20       		.byte	0x20
 736 046b 06       		.uleb128 0x6
 737 046c 3D040000 		.4byte	.LASF80
 738 0470 04       		.byte	0x4
 739 0471 AA       		.byte	0xaa
 740 0472 9A000000 		.4byte	0x9a
 741 0476 24       		.byte	0x24
 742 0477 06       		.uleb128 0x6
 743 0478 91040000 		.4byte	.LASF36
 744 047c 04       		.byte	0x4
 745 047d AB       		.byte	0xab
 746 047e 9A000000 		.4byte	0x9a
 747 0482 28       		.byte	0x28
 748 0483 06       		.uleb128 0x6
 749 0484 53010000 		.4byte	.LASF29
 750 0488 04       		.byte	0x4
 751 0489 AC       		.byte	0xac
 752 048a 9A000000 		.4byte	0x9a
 753 048e 2C       		.byte	0x2c
 754 048f 00       		.byte	0
 755 0490 0B       		.uleb128 0xb
 756 0491 CC000000 		.4byte	.LASF81
 757 0495 18       		.byte	0x18
 758 0496 04       		.byte	0x4
 759 0497 C1       		.byte	0xc1
 760 0498 E4040000 		.4byte	0x4e4
 761 049c 0C       		.uleb128 0xc
 762 049d 494D5200 		.ascii	"IMR\000"
 763 04a1 04       		.byte	0x4
 764 04a2 C2       		.byte	0xc2
 765 04a3 9A000000 		.4byte	0x9a
 766 04a7 00       		.byte	0
 767 04a8 0C       		.uleb128 0xc
 768 04a9 454D5200 		.ascii	"EMR\000"
 769 04ad 04       		.byte	0x4
 770 04ae C3       		.byte	0xc3
 771 04af 9A000000 		.4byte	0x9a
 772 04b3 04       		.byte	0x4
 773 04b4 06       		.uleb128 0x6
 774 04b5 A9040000 		.4byte	.LASF82
 775 04b9 04       		.byte	0x4
 776 04ba C4       		.byte	0xc4
 777 04bb 9A000000 		.4byte	0x9a
 778 04bf 08       		.byte	0x8
 779 04c0 06       		.uleb128 0x6
 780 04c1 68040000 		.4byte	.LASF83
 781 04c5 04       		.byte	0x4
 782 04c6 C5       		.byte	0xc5
 783 04c7 9A000000 		.4byte	0x9a
 784 04cb 0C       		.byte	0xc
 785 04cc 06       		.uleb128 0x6
 786 04cd D7040000 		.4byte	.LASF84
 787 04d1 04       		.byte	0x4
 788 04d2 C6       		.byte	0xc6
 789 04d3 9A000000 		.4byte	0x9a
 790 04d7 10       		.byte	0x10
 791 04d8 0C       		.uleb128 0xc
 792 04d9 505200   		.ascii	"PR\000"
 793 04dc 04       		.byte	0x4
 794 04dd C7       		.byte	0xc7
 795 04de 9A000000 		.4byte	0x9a
 796 04e2 14       		.byte	0x14
 797 04e3 00       		.byte	0
 798 04e4 0D       		.uleb128 0xd
 799 04e5 7C040000 		.4byte	.LASF85
 800 04e9 01       		.byte	0x1
 801 04ea 06       		.byte	0x6
 802 04eb 00000000 		.4byte	.LFB398
 803 04ef 20000000 		.4byte	.LFE398-.LFB398
 804 04f3 01       		.uleb128 0x1
 805 04f4 9C       		.byte	0x9c
 806 04f5 0D       		.uleb128 0xd
 807 04f6 52020000 		.4byte	.LASF86
 808 04fa 01       		.byte	0x1
 809 04fb 0C       		.byte	0xc
 810 04fc 20000000 		.4byte	.LFB399
 811 0500 40000000 		.4byte	.LFE399-.LFB399
 812 0504 01       		.uleb128 0x1
 813 0505 9C       		.byte	0x9c
 814 0506 0D       		.uleb128 0xd
 815 0507 BF030000 		.4byte	.LASF87
 816 050b 01       		.byte	0x1
 817 050c 1A       		.byte	0x1a
 818 050d 60000000 		.4byte	.LFB400
 819 0511 20000000 		.4byte	.LFE400-.LFB400
 820 0515 01       		.uleb128 0x1
 821 0516 9C       		.byte	0x9c
 822 0517 0D       		.uleb128 0xd
 823 0518 E6030000 		.4byte	.LASF88
 824 051c 01       		.byte	0x1
 825 051d 20       		.byte	0x20
 826 051e 80000000 		.4byte	.LFB401
 827 0522 40000000 		.4byte	.LFE401-.LFB401
 828 0526 01       		.uleb128 0x1
 829 0527 9C       		.byte	0x9c
 830 0528 0E       		.uleb128 0xe
 831 0529 D7030000 		.4byte	.LASF89
 832 052d 04       		.byte	0x4
 833 052e 2E02     		.2byte	0x22e
 834 0530 34050000 		.4byte	0x534
 835 0534 0F       		.uleb128 0xf
 836 0535 A5000000 		.4byte	0xa5
 837 0539 10       		.uleb128 0x10
 838 053a 52434300 		.ascii	"RCC\000"
 839 053e 04       		.byte	0x4
 840 053f 3D02     		.2byte	0x23d
 841 0541 45050000 		.4byte	0x545
 842 0545 0F       		.uleb128 0xf
 843 0546 9A010000 		.4byte	0x19a
 844 054a 0E       		.uleb128 0xe
 845 054b 46030000 		.4byte	.LASF90
 846 054f 04       		.byte	0x4
 847 0550 4402     		.2byte	0x244
 848 0552 56050000 		.4byte	0x556
 849 0556 0F       		.uleb128 0xf
 850 0557 6E030000 		.4byte	0x36e
 851 055b 0E       		.uleb128 0xe
 852 055c CB010000 		.4byte	.LASF91
 853 0560 04       		.byte	0x4
 854 0561 4502     		.2byte	0x245
 855 0563 56050000 		.4byte	0x556
 856 0567 0E       		.uleb128 0xe
 857 0568 DB000000 		.4byte	.LASF92
 858 056c 04       		.byte	0x4
 859 056d 4E02     		.2byte	0x24e
 860 056f 73050000 		.4byte	0x573
 861 0573 0F       		.uleb128 0xf
 862 0574 90040000 		.4byte	0x490
 863 0578 0E       		.uleb128 0xe
 864 0579 95010000 		.4byte	.LASF93
 865 057d 04       		.byte	0x4
 866 057e 4F02     		.2byte	0x24f
 867 0580 84050000 		.4byte	0x584
 868 0584 0F       		.uleb128 0xf
 869 0585 F3030000 		.4byte	0x3f3
 870 0589 00       		.byte	0
 871              		.section	.debug_abbrev,"",%progbits
 872              	.Ldebug_abbrev0:
 873 0000 01       		.uleb128 0x1
 874 0001 11       		.uleb128 0x11
 875 0002 01       		.byte	0x1
 876 0003 25       		.uleb128 0x25
 877 0004 0E       		.uleb128 0xe
 878 0005 13       		.uleb128 0x13
 879 0006 0B       		.uleb128 0xb
 880 0007 03       		.uleb128 0x3
 881 0008 0E       		.uleb128 0xe
 882 0009 1B       		.uleb128 0x1b
 883 000a 0E       		.uleb128 0xe
 884 000b 11       		.uleb128 0x11
 885 000c 01       		.uleb128 0x1
 886 000d 12       		.uleb128 0x12
 887 000e 06       		.uleb128 0x6
 888 000f 10       		.uleb128 0x10
 889 0010 17       		.uleb128 0x17
 890 0011 00       		.byte	0
 891 0012 00       		.byte	0
 892 0013 02       		.uleb128 0x2
 893 0014 24       		.uleb128 0x24
 894 0015 00       		.byte	0
 895 0016 0B       		.uleb128 0xb
 896 0017 0B       		.uleb128 0xb
 897 0018 3E       		.uleb128 0x3e
 898 0019 0B       		.uleb128 0xb
 899 001a 03       		.uleb128 0x3
 900 001b 0E       		.uleb128 0xe
 901 001c 00       		.byte	0
 902 001d 00       		.byte	0
 903 001e 03       		.uleb128 0x3
 904 001f 16       		.uleb128 0x16
 905 0020 00       		.byte	0
 906 0021 03       		.uleb128 0x3
 907 0022 0E       		.uleb128 0xe
 908 0023 3A       		.uleb128 0x3a
 909 0024 0B       		.uleb128 0xb
 910 0025 3B       		.uleb128 0x3b
 911 0026 0B       		.uleb128 0xb
 912 0027 49       		.uleb128 0x49
 913 0028 13       		.uleb128 0x13
 914 0029 00       		.byte	0
 915 002a 00       		.byte	0
 916 002b 04       		.uleb128 0x4
 917 002c 24       		.uleb128 0x24
 918 002d 00       		.byte	0
 919 002e 0B       		.uleb128 0xb
 920 002f 0B       		.uleb128 0xb
 921 0030 3E       		.uleb128 0x3e
 922 0031 0B       		.uleb128 0xb
 923 0032 03       		.uleb128 0x3
 924 0033 08       		.uleb128 0x8
 925 0034 00       		.byte	0
 926 0035 00       		.byte	0
 927 0036 05       		.uleb128 0x5
 928 0037 13       		.uleb128 0x13
 929 0038 01       		.byte	0x1
 930 0039 03       		.uleb128 0x3
 931 003a 0E       		.uleb128 0xe
 932 003b 0B       		.uleb128 0xb
 933 003c 05       		.uleb128 0x5
 934 003d 3A       		.uleb128 0x3a
 935 003e 0B       		.uleb128 0xb
 936 003f 3B       		.uleb128 0x3b
 937 0040 0B       		.uleb128 0xb
 938 0041 01       		.uleb128 0x1
 939 0042 13       		.uleb128 0x13
 940 0043 00       		.byte	0
 941 0044 00       		.byte	0
 942 0045 06       		.uleb128 0x6
 943 0046 0D       		.uleb128 0xd
 944 0047 00       		.byte	0
 945 0048 03       		.uleb128 0x3
 946 0049 0E       		.uleb128 0xe
 947 004a 3A       		.uleb128 0x3a
 948 004b 0B       		.uleb128 0xb
 949 004c 3B       		.uleb128 0x3b
 950 004d 0B       		.uleb128 0xb
 951 004e 49       		.uleb128 0x49
 952 004f 13       		.uleb128 0x13
 953 0050 38       		.uleb128 0x38
 954 0051 0B       		.uleb128 0xb
 955 0052 00       		.byte	0
 956 0053 00       		.byte	0
 957 0054 07       		.uleb128 0x7
 958 0055 0D       		.uleb128 0xd
 959 0056 00       		.byte	0
 960 0057 03       		.uleb128 0x3
 961 0058 0E       		.uleb128 0xe
 962 0059 3A       		.uleb128 0x3a
 963 005a 0B       		.uleb128 0xb
 964 005b 3B       		.uleb128 0x3b
 965 005c 0B       		.uleb128 0xb
 966 005d 49       		.uleb128 0x49
 967 005e 13       		.uleb128 0x13
 968 005f 38       		.uleb128 0x38
 969 0060 05       		.uleb128 0x5
 970 0061 00       		.byte	0
 971 0062 00       		.byte	0
 972 0063 08       		.uleb128 0x8
 973 0064 0D       		.uleb128 0xd
 974 0065 00       		.byte	0
 975 0066 03       		.uleb128 0x3
 976 0067 08       		.uleb128 0x8
 977 0068 3A       		.uleb128 0x3a
 978 0069 0B       		.uleb128 0xb
 979 006a 3B       		.uleb128 0x3b
 980 006b 0B       		.uleb128 0xb
 981 006c 49       		.uleb128 0x49
 982 006d 13       		.uleb128 0x13
 983 006e 38       		.uleb128 0x38
 984 006f 05       		.uleb128 0x5
 985 0070 00       		.byte	0
 986 0071 00       		.byte	0
 987 0072 09       		.uleb128 0x9
 988 0073 01       		.uleb128 0x1
 989 0074 01       		.byte	0x1
 990 0075 49       		.uleb128 0x49
 991 0076 13       		.uleb128 0x13
 992 0077 01       		.uleb128 0x1
 993 0078 13       		.uleb128 0x13
 994 0079 00       		.byte	0
 995 007a 00       		.byte	0
 996 007b 0A       		.uleb128 0xa
 997 007c 21       		.uleb128 0x21
 998 007d 00       		.byte	0
 999 007e 49       		.uleb128 0x49
 1000 007f 13       		.uleb128 0x13
 1001 0080 2F       		.uleb128 0x2f
 1002 0081 0B       		.uleb128 0xb
 1003 0082 00       		.byte	0
 1004 0083 00       		.byte	0
 1005 0084 0B       		.uleb128 0xb
 1006 0085 13       		.uleb128 0x13
 1007 0086 01       		.byte	0x1
 1008 0087 03       		.uleb128 0x3
 1009 0088 0E       		.uleb128 0xe
 1010 0089 0B       		.uleb128 0xb
 1011 008a 0B       		.uleb128 0xb
 1012 008b 3A       		.uleb128 0x3a
 1013 008c 0B       		.uleb128 0xb
 1014 008d 3B       		.uleb128 0x3b
 1015 008e 0B       		.uleb128 0xb
 1016 008f 01       		.uleb128 0x1
 1017 0090 13       		.uleb128 0x13
 1018 0091 00       		.byte	0
 1019 0092 00       		.byte	0
 1020 0093 0C       		.uleb128 0xc
 1021 0094 0D       		.uleb128 0xd
 1022 0095 00       		.byte	0
 1023 0096 03       		.uleb128 0x3
 1024 0097 08       		.uleb128 0x8
 1025 0098 3A       		.uleb128 0x3a
 1026 0099 0B       		.uleb128 0xb
 1027 009a 3B       		.uleb128 0x3b
 1028 009b 0B       		.uleb128 0xb
 1029 009c 49       		.uleb128 0x49
 1030 009d 13       		.uleb128 0x13
 1031 009e 38       		.uleb128 0x38
 1032 009f 0B       		.uleb128 0xb
 1033 00a0 00       		.byte	0
 1034 00a1 00       		.byte	0
 1035 00a2 0D       		.uleb128 0xd
 1036 00a3 2E       		.uleb128 0x2e
 1037 00a4 00       		.byte	0
 1038 00a5 3F       		.uleb128 0x3f
 1039 00a6 19       		.uleb128 0x19
 1040 00a7 03       		.uleb128 0x3
 1041 00a8 0E       		.uleb128 0xe
 1042 00a9 3A       		.uleb128 0x3a
 1043 00aa 0B       		.uleb128 0xb
 1044 00ab 3B       		.uleb128 0x3b
 1045 00ac 0B       		.uleb128 0xb
 1046 00ad 11       		.uleb128 0x11
 1047 00ae 01       		.uleb128 0x1
 1048 00af 12       		.uleb128 0x12
 1049 00b0 06       		.uleb128 0x6
 1050 00b1 40       		.uleb128 0x40
 1051 00b2 18       		.uleb128 0x18
 1052 00b3 9742     		.uleb128 0x2117
 1053 00b5 19       		.uleb128 0x19
 1054 00b6 00       		.byte	0
 1055 00b7 00       		.byte	0
 1056 00b8 0E       		.uleb128 0xe
 1057 00b9 34       		.uleb128 0x34
 1058 00ba 00       		.byte	0
 1059 00bb 03       		.uleb128 0x3
 1060 00bc 0E       		.uleb128 0xe
 1061 00bd 3A       		.uleb128 0x3a
 1062 00be 0B       		.uleb128 0xb
 1063 00bf 3B       		.uleb128 0x3b
 1064 00c0 05       		.uleb128 0x5
 1065 00c1 49       		.uleb128 0x49
 1066 00c2 13       		.uleb128 0x13
 1067 00c3 3F       		.uleb128 0x3f
 1068 00c4 19       		.uleb128 0x19
 1069 00c5 3C       		.uleb128 0x3c
 1070 00c6 19       		.uleb128 0x19
 1071 00c7 00       		.byte	0
 1072 00c8 00       		.byte	0
 1073 00c9 0F       		.uleb128 0xf
 1074 00ca 35       		.uleb128 0x35
 1075 00cb 00       		.byte	0
 1076 00cc 49       		.uleb128 0x49
 1077 00cd 13       		.uleb128 0x13
 1078 00ce 00       		.byte	0
 1079 00cf 00       		.byte	0
 1080 00d0 10       		.uleb128 0x10
 1081 00d1 34       		.uleb128 0x34
 1082 00d2 00       		.byte	0
 1083 00d3 03       		.uleb128 0x3
 1084 00d4 08       		.uleb128 0x8
 1085 00d5 3A       		.uleb128 0x3a
 1086 00d6 0B       		.uleb128 0xb
 1087 00d7 3B       		.uleb128 0x3b
 1088 00d8 05       		.uleb128 0x5
 1089 00d9 49       		.uleb128 0x49
 1090 00da 13       		.uleb128 0x13
 1091 00db 3F       		.uleb128 0x3f
 1092 00dc 19       		.uleb128 0x19
 1093 00dd 3C       		.uleb128 0x3c
 1094 00de 19       		.uleb128 0x19
 1095 00df 00       		.byte	0
 1096 00e0 00       		.byte	0
 1097 00e1 00       		.byte	0
 1098              		.section	.debug_aranges,"",%progbits
 1099 0000 1C000000 		.4byte	0x1c
 1100 0004 0200     		.2byte	0x2
 1101 0006 00000000 		.4byte	.Ldebug_info0
 1102 000a 04       		.byte	0x4
 1103 000b 00       		.byte	0
 1104 000c 0000     		.2byte	0
 1105 000e 0000     		.2byte	0
 1106 0010 00000000 		.4byte	.Ltext0
 1107 0014 C0000000 		.4byte	.Letext0-.Ltext0
 1108 0018 00000000 		.4byte	0
 1109 001c 00000000 		.4byte	0
 1110              		.section	.debug_line,"",%progbits
 1111              	.Ldebug_line0:
 1112 0000 AD000000 		.section	.debug_str,"MS",%progbits,1
 1112      02008900 
 1112      00000201 
 1112      FB0E0D00 
 1112      01010101 
 1113              	.LASF46:
 1114 0000 41484231 		.ascii	"AHB1LPENR\000"
 1114      4C50454E 
 1114      5200
 1115              	.LASF23:
 1116 000a 49414252 		.ascii	"IABR\000"
 1116      00
 1117              	.LASF94:
 1118 000f 474E5520 		.ascii	"GNU C99 5.4.1 20160919 -mtune=cortex-m4 -mthumb -ma"
 1118      43393920 
 1118      352E342E 
 1118      31203230 
 1118      31363039 
 1119 0042 7263683D 		.ascii	"rch=armv7e-m -mfloat-abi=hard -mfpu=fpv4-sp-d16 -g "
 1119      61726D76 
 1119      37652D6D 
 1119      202D6D66 
 1119      6C6F6174 
 1120 0075 2D4F3020 		.ascii	"-O0 -Os -std=gnu99 -fsingle-precision-constant\000"
 1120      2D4F7320 
 1120      2D737464 
 1120      3D676E75 
 1120      3939202D 
 1121              	.LASF66:
 1122 00a4 4F535045 		.ascii	"OSPEEDR\000"
 1122      45445200 
 1123              	.LASF53:
 1124 00ac 5F726573 		.ascii	"_reserved_0x6c\000"
 1124      65727665 
 1124      645F3078 
 1124      366300
 1125              	.LASF34:
 1126 00bb 41504231 		.ascii	"APB1RSTR\000"
 1126      52535452 
 1126      00
 1127              	.LASF39:
 1128 00c4 41484232 		.ascii	"AHB2ENR\000"
 1128      454E5200 
 1129              	.LASF81:
 1130 00cc 45585449 		.ascii	"EXTI_registers\000"
 1130      5F726567 
 1130      69737465 
 1130      727300
 1131              	.LASF92:
 1132 00db 45585449 		.ascii	"EXTI\000"
 1132      00
 1133              	.LASF2:
 1134 00e0 73686F72 		.ascii	"short int\000"
 1134      7420696E 
 1134      7400
 1135              	.LASF11:
 1136 00ea 73697A65 		.ascii	"sizetype\000"
 1136      74797065 
 1136      00
 1137              	.LASF54:
 1138 00f3 42444352 		.ascii	"BDCR\000"
 1138      00
 1139              	.LASF61:
 1140 00f8 434B4741 		.ascii	"CKGATENR\000"
 1140      54454E52 
 1140      00
 1141              	.LASF55:
 1142 0101 5F726573 		.ascii	"_reserved_0x78\000"
 1142      65727665 
 1142      645F3078 
 1142      373800
 1143              	.LASF58:
 1144 0110 504C4C49 		.ascii	"PLLI2SCFGR\000"
 1144      32534346 
 1144      475200
 1145              	.LASF8:
 1146 011b 6C6F6E67 		.ascii	"long long int\000"
 1146      206C6F6E 
 1146      6720696E 
 1146      7400
 1147              	.LASF6:
 1148 0129 5F5F7569 		.ascii	"__uint32_t\000"
 1148      6E743332 
 1148      5F7400
 1149              	.LASF57:
 1150 0134 53534347 		.ascii	"SSCGR\000"
 1150      5200
 1151              	.LASF63:
 1152 013a 4750494F 		.ascii	"GPIO_registers\000"
 1152      5F726567 
 1152      69737465 
 1152      727300
 1153              	.LASF48:
 1154 0149 41484233 		.ascii	"AHB3LPENR\000"
 1154      4C50454E 
 1154      5200
 1155              	.LASF29:
 1156 0153 43464752 		.ascii	"CFGR\000"
 1156      00
 1157              	.LASF13:
 1158 0158 75696E74 		.ascii	"uint8_t\000"
 1158      385F7400 
 1159              	.LASF44:
 1160 0160 5F726573 		.ascii	"_reserved_0x48\000"
 1160      65727665 
 1160      645F3078 
 1160      343800
 1161              	.LASF42:
 1162 016f 41504231 		.ascii	"APB1ENR\000"
 1162      454E5200 
 1163              	.LASF65:
 1164 0177 4F545950 		.ascii	"OTYPER\000"
 1164      455200
 1165              	.LASF60:
 1166 017e 44434B43 		.ascii	"DCKCFGR\000"
 1166      46475200 
 1167              	.LASF56:
 1168 0186 5F726573 		.ascii	"_reserved_0x7c\000"
 1168      65727665 
 1168      645F3078 
 1168      376300
 1169              	.LASF93:
 1170 0195 53595343 		.ascii	"SYSCFG\000"
 1170      464700
 1171              	.LASF45:
 1172 019c 5F726573 		.ascii	"_reserved_0x4c\000"
 1172      65727665 
 1172      645F3078 
 1172      346300
 1173              	.LASF40:
 1174 01ab 41484233 		.ascii	"AHB3ENR\000"
 1174      454E5200 
 1175              	.LASF72:
 1176 01b3 53595343 		.ascii	"SYSCFG_registers\000"
 1176      46475F72 
 1176      65676973 
 1176      74657273 
 1176      00
 1177              	.LASF73:
 1178 01c4 4D454D52 		.ascii	"MEMRMP\000"
 1178      4D5000
 1179              	.LASF91:
 1180 01cb 4750494F 		.ascii	"GPIOB\000"
 1180      4200
 1181              	.LASF67:
 1182 01d1 50555044 		.ascii	"PUPDR\000"
 1182      5200
 1183              	.LASF24:
 1184 01d7 5F726573 		.ascii	"_reserved_0x20c_0x300\000"
 1184      65727665 
 1184      645F3078 
 1184      3230635F 
 1184      30783330 
 1185              	.LASF78:
 1186 01ed 5F726573 		.ascii	"_reserved_0x18\000"
 1186      65727665 
 1186      645F3078 
 1186      313800
 1187              	.LASF4:
 1188 01fc 6C6F6E67 		.ascii	"long int\000"
 1188      20696E74 
 1188      00
 1189              	.LASF68:
 1190 0205 42535252 		.ascii	"BSRR\000"
 1190      00
 1191              	.LASF62:
 1192 020a 44434B43 		.ascii	"DCKCFGR2\000"
 1192      46475232 
 1192      00
 1193              	.LASF64:
 1194 0213 4D4F4445 		.ascii	"MODER\000"
 1194      5200
 1195              	.LASF35:
 1196 0219 41504232 		.ascii	"APB2RSTR\000"
 1196      52535452 
 1196      00
 1197              	.LASF5:
 1198 0222 5F5F7569 		.ascii	"__uint8_t\000"
 1198      6E74385F 
 1198      7400
 1199              	.LASF26:
 1200 022c 4E564943 		.ascii	"NVIC_registers\000"
 1200      5F726567 
 1200      69737465 
 1200      727300
 1201              	.LASF95:
 1202 023b 7372632F 		.ascii	"src/sys/button.c\000"
 1202      7379732F 
 1202      62757474 
 1202      6F6E2E63 
 1202      00
 1203              	.LASF79:
 1204 024c 434D5043 		.ascii	"CMPCR\000"
 1204      5200
 1205              	.LASF86:
 1206 0252 62757474 		.ascii	"button_irq_init\000"
 1206      6F6E5F69 
 1206      72715F69 
 1206      6E697400 
 1207              	.LASF1:
 1208 0262 756E7369 		.ascii	"unsigned char\000"
 1208      676E6564 
 1208      20636861 
 1208      7200
 1209              	.LASF96:
 1210 0270 2F686F6D 		.ascii	"/home/etudiant/Bureau/CutiaMeaMuzicala_modular_v10 "
 1210      652F6574 
 1210      75646961 
 1210      6E742F42 
 1210      75726561 
 1211 02a3 28636F6D 		.ascii	"(comentat)) (copie 1)\000"
 1211      656E7461 
 1211      74292920 
 1211      28636F70 
 1211      69652031 
 1212              	.LASF43:
 1213 02b9 41504232 		.ascii	"APB2ENR\000"
 1213      454E5200 
 1214              	.LASF21:
 1215 02c1 49435052 		.ascii	"ICPR\000"
 1215      00
 1216              	.LASF0:
 1217 02c6 7369676E 		.ascii	"signed char\000"
 1217      65642063 
 1217      68617200 
 1218              	.LASF9:
 1219 02d2 6C6F6E67 		.ascii	"long long unsigned int\000"
 1219      206C6F6E 
 1219      6720756E 
 1219      7369676E 
 1219      65642069 
 1220              	.LASF14:
 1221 02e9 75696E74 		.ascii	"uint32_t\000"
 1221      33325F74 
 1221      00
 1222              	.LASF10:
 1223 02f2 756E7369 		.ascii	"unsigned int\000"
 1223      676E6564 
 1223      20696E74 
 1223      00
 1224              	.LASF31:
 1225 02ff 41484232 		.ascii	"AHB2RSTR\000"
 1225      52535452 
 1225      00
 1226              	.LASF74:
 1227 0308 45585449 		.ascii	"EXTICR1\000"
 1227      43523100 
 1228              	.LASF75:
 1229 0310 45585449 		.ascii	"EXTICR2\000"
 1229      43523200 
 1230              	.LASF76:
 1231 0318 45585449 		.ascii	"EXTICR3\000"
 1231      43523300 
 1232              	.LASF77:
 1233 0320 45585449 		.ascii	"EXTICR4\000"
 1233      43523400 
 1234              	.LASF27:
 1235 0328 5243435F 		.ascii	"RCC_registers\000"
 1235      72656769 
 1235      73746572 
 1235      7300
 1236              	.LASF25:
 1237 0336 5F726573 		.ascii	"_reserved_bytes\000"
 1237      65727665 
 1237      645F6279 
 1237      74657300 
 1238              	.LASF90:
 1239 0346 4750494F 		.ascii	"GPIOC\000"
 1239      4300
 1240              	.LASF18:
 1241 034c 5F726573 		.ascii	"_reserved_0x8c_0x100\000"
 1241      65727665 
 1241      645F3078 
 1241      38635F30 
 1241      78313030 
 1242              	.LASF71:
 1243 0361 41465248 		.ascii	"AFRH\000"
 1243      00
 1244              	.LASF28:
 1245 0366 504C4C43 		.ascii	"PLLCFGR\000"
 1245      46475200 
 1246              	.LASF70:
 1247 036e 4146524C 		.ascii	"AFRL\000"
 1247      00
 1248              	.LASF50:
 1249 0373 41504231 		.ascii	"APB1LPENR\000"
 1249      4C50454E 
 1249      5200
 1250              	.LASF12:
 1251 037d 63686172 		.ascii	"char\000"
 1251      00
 1252              	.LASF19:
 1253 0382 49535052 		.ascii	"ISPR\000"
 1253      00
 1254              	.LASF3:
 1255 0387 73686F72 		.ascii	"short unsigned int\000"
 1255      7420756E 
 1255      7369676E 
 1255      65642069 
 1255      6E7400
 1256              	.LASF22:
 1257 039a 5F726573 		.ascii	"_reserved_0x18c_0x200\000"
 1257      65727665 
 1257      645F3078 
 1257      3138635F 
 1257      30783230 
 1258              	.LASF33:
 1259 03b0 5F726573 		.ascii	"_reserved_0x1c\000"
 1259      65727665 
 1259      645F3078 
 1259      316300
 1260              	.LASF87:
 1261 03bf 62757474 		.ascii	"button_init_2\000"
 1261      6F6E5F69 
 1261      6E69745F 
 1261      3200
 1262              	.LASF47:
 1263 03cd 41484232 		.ascii	"AHB2LPENR\000"
 1263      4C50454E 
 1263      5200
 1264              	.LASF89:
 1265 03d7 4E564943 		.ascii	"NVIC\000"
 1265      00
 1266              	.LASF17:
 1267 03dc 49434552 		.ascii	"ICER\000"
 1267      00
 1268              	.LASF15:
 1269 03e1 49534552 		.ascii	"ISER\000"
 1269      00
 1270              	.LASF88:
 1271 03e6 62757474 		.ascii	"button_irq_init2\000"
 1271      6F6E5F69 
 1271      72715F69 
 1271      6E697432 
 1271      00
 1272              	.LASF7:
 1273 03f7 6C6F6E67 		.ascii	"long unsigned int\000"
 1273      20756E73 
 1273      69676E65 
 1273      6420696E 
 1273      7400
 1274              	.LASF20:
 1275 0409 5F726573 		.ascii	"_reserved_0x10c_0x180\000"
 1275      65727665 
 1275      645F3078 
 1275      3130635F 
 1275      30783138 
 1276              	.LASF49:
 1277 041f 5F726573 		.ascii	"_reserved_0x5c\000"
 1277      65727665 
 1277      645F3078 
 1277      356300
 1278              	.LASF41:
 1279 042e 5F726573 		.ascii	"_reserved_0x3c\000"
 1279      65727665 
 1279      645F3078 
 1279      336300
 1280              	.LASF80:
 1281 043d 5F726573 		.ascii	"_reserved_0x24\000"
 1281      65727665 
 1281      645F3078 
 1281      323400
 1282              	.LASF38:
 1283 044c 41484231 		.ascii	"AHB1ENR\000"
 1283      454E5200 
 1284              	.LASF16:
 1285 0454 5F726573 		.ascii	"_reserved_0x0c_0x80\000"
 1285      65727665 
 1285      645F3078 
 1285      30635F30 
 1285      78383000 
 1286              	.LASF83:
 1287 0468 46545352 		.ascii	"FTSR\000"
 1287      00
 1288              	.LASF52:
 1289 046d 5F726573 		.ascii	"_reserved_0x68\000"
 1289      65727665 
 1289      645F3078 
 1289      363800
 1290              	.LASF85:
 1291 047c 62757474 		.ascii	"button_init\000"
 1291      6F6E5F69 
 1291      6E697400 
 1292              	.LASF30:
 1293 0488 41484231 		.ascii	"AHB1RSTR\000"
 1293      52535452 
 1293      00
 1294              	.LASF36:
 1295 0491 5F726573 		.ascii	"_reserved_0x28\000"
 1295      65727665 
 1295      645F3078 
 1295      323800
 1296              	.LASF32:
 1297 04a0 41484233 		.ascii	"AHB3RSTR\000"
 1297      52535452 
 1297      00
 1298              	.LASF82:
 1299 04a9 52545352 		.ascii	"RTSR\000"
 1299      00
 1300              	.LASF59:
 1301 04ae 504C4C53 		.ascii	"PLLSAICFGR\000"
 1301      41494346 
 1301      475200
 1302              	.LASF69:
 1303 04b9 4C434B52 		.ascii	"LCKR\000"
 1303      00
 1304              	.LASF51:
 1305 04be 41504232 		.ascii	"APB2LPENR\000"
 1305      4C50454E 
 1305      5200
 1306              	.LASF37:
 1307 04c8 5F726573 		.ascii	"_reserved_0x2c\000"
 1307      65727665 
 1307      645F3078 
 1307      326300
 1308              	.LASF84:
 1309 04d7 53574945 		.ascii	"SWIER\000"
 1309      5200
 1310              		.ident	"GCC: (15:5.4.1+svn241155-1) 5.4.1 20160919"
DEFINED SYMBOLS
                            *ABS*:0000000000000000 button.c
     /tmp/ccB9upkL.s:21     .text:0000000000000000 $t
     /tmp/ccB9upkL.s:26     .text:0000000000000000 button_init
     /tmp/ccB9upkL.s:49     .text:000000000000001c $d
     /tmp/ccB9upkL.s:53     .text:0000000000000020 $t
     /tmp/ccB9upkL.s:58     .text:0000000000000020 button_irq_init
     /tmp/ccB9upkL.s:92     .text:0000000000000054 $d
     /tmp/ccB9upkL.s:98     .text:0000000000000060 $t
     /tmp/ccB9upkL.s:103    .text:0000000000000060 button_init_2
     /tmp/ccB9upkL.s:124    .text:0000000000000078 $d
     /tmp/ccB9upkL.s:129    .text:0000000000000080 $t
     /tmp/ccB9upkL.s:134    .text:0000000000000080 button_irq_init2
     /tmp/ccB9upkL.s:168    .text:00000000000000b4 $d
                     .debug_frame:0000000000000010 $d

UNDEFINED SYMBOLS
GPIOB
SYSCFG
EXTI
NVIC
GPIOC
