   1              		.syntax unified
   2              		.arch armv7e-m
   3              		.eabi_attribute 27, 1
   4              		.eabi_attribute 28, 1
   5              		.fpu fpv4-sp-d16
   6              		.eabi_attribute 20, 1
   7              		.eabi_attribute 21, 1
   8              		.eabi_attribute 23, 3
   9              		.eabi_attribute 24, 1
  10              		.eabi_attribute 25, 1
  11              		.eabi_attribute 26, 1
  12              		.eabi_attribute 30, 4
  13              		.eabi_attribute 34, 1
  14              		.eabi_attribute 18, 4
  15              		.thumb
  16              		.syntax unified
  17              		.file	"interrupt_handlers.c"
  18              		.text
  19              	.Ltext0:
  20              		.cfi_sections	.debug_frame
  21              		.align	1
  22              		.global	SysTick_Handler
  23              		.thumb
  24              		.thumb_func
  25              		.type	SysTick_Handler, %function
  26              	SysTick_Handler:
  27              	.LFB398:
  28              		.file 1 "src/sys/interrupt_handlers.c"
   1:src/sys/interrupt_handlers.c **** #include <stdio.h>
   2:src/sys/interrupt_handlers.c **** #include "interrupt_handlers.h"
   3:src/sys/interrupt_handlers.c **** #include "sys/systick.h"
   4:src/sys/interrupt_handlers.c **** #include "sys/devices.h" 
   5:src/sys/interrupt_handlers.c **** #include "sing_song.h"
   6:src/sys/interrupt_handlers.c **** 
   7:src/sys/interrupt_handlers.c **** volatile uint32_t next;
   8:src/sys/interrupt_handlers.c **** volatile uint32_t flag_play_note;
   9:src/sys/interrupt_handlers.c **** volatile uint32_t counter;           
  10:src/sys/interrupt_handlers.c **** volatile uint32_t play_pause;
  11:src/sys/interrupt_handlers.c **** volatile uint32_t i;
  12:src/sys/interrupt_handlers.c **** volatile uint32_t j;
  13:src/sys/interrupt_handlers.c **** volatile uint32_t LED_flag;         /*contine flagul pentru schimbarea culorii Tri-LED-ului*/
  14:src/sys/interrupt_handlers.c **** 
  15:src/sys/interrupt_handlers.c **** void __attribute__((interrupt)) SysTick_Handler()
  16:src/sys/interrupt_handlers.c **** {
  29              		.loc 1 16 0
  30              		.cfi_startproc
  31              		@ Stack Align: May be called with mis-aligned SP.
  32              		@ args = 0, pretend = 0, frame = 0
  33              		@ frame_needed = 0, uses_anonymous_args = 0
  17:src/sys/interrupt_handlers.c ****     if(flag_play_note == 1)                     /* If this variable is 1 we allow Systick to run */
  34              		.loc 1 17 0
  35 0000 0A4A     		ldr	r2, .L5
  16:src/sys/interrupt_handlers.c ****     if(flag_play_note == 1)                     /* If this variable is 1 we allow Systick to run */
  36              		.loc 1 16 0
  37 0002 6846     		mov	r0, sp
  38              		.cfi_register 13, 0
  39              		.loc 1 17 0
  40 0004 1368     		ldr	r3, [r2]
  16:src/sys/interrupt_handlers.c ****     if(flag_play_note == 1)                     /* If this variable is 1 we allow Systick to run */
  41              		.loc 1 16 0
  42 0006 20F00701 		bic	r1, r0, #7
  43 000a 8D46     		mov	sp, r1
  44              		.loc 1 17 0
  45 000c 012B     		cmp	r3, #1
  16:src/sys/interrupt_handlers.c ****     if(flag_play_note == 1)                     /* If this variable is 1 we allow Systick to run */
  46              		.loc 1 16 0
  47 000e 01B5     		push	{r0, lr}
  48              		.cfi_def_cfa_offset 8
  49              		.cfi_offset 13, -8
  50              		.cfi_offset 14, -4
  51              		.loc 1 17 0
  52 0010 07D1     		bne	.L1
  18:src/sys/interrupt_handlers.c ****         {
  19:src/sys/interrupt_handlers.c ****             if(counter != 0)                    /* Counter contains the delay we need */
  53              		.loc 1 19 0
  54 0012 074B     		ldr	r3, .L5+4
  55 0014 1968     		ldr	r1, [r3]
  56 0016 19B1     		cbz	r1, .L3
  20:src/sys/interrupt_handlers.c ****                 counter = counter - 1; 
  57              		.loc 1 20 0
  58 0018 1A68     		ldr	r2, [r3]
  59 001a 013A     		subs	r2, r2, #1
  60 001c 1A60     		str	r2, [r3]
  61 001e 00E0     		b	.L1
  62              	.L3:
  21:src/sys/interrupt_handlers.c ****             else
  22:src/sys/interrupt_handlers.c ****                 flag_play_note = 0;             /* After the delay is finished 
  63              		.loc 1 22 0
  64 0020 1160     		str	r1, [r2]
  65              	.L1:
  23:src/sys/interrupt_handlers.c ****                                                 the Systick will be stoped automatically*/
  24:src/sys/interrupt_handlers.c ****         }
  25:src/sys/interrupt_handlers.c ****     
  26:src/sys/interrupt_handlers.c **** }
  66              		.loc 1 26 0
  67 0022 BDE80140 		pop	{r0, lr}
  68              		.cfi_restore 14
  69              		.cfi_restore 0
  70              		.cfi_def_cfa_offset 0
  71 0026 8546     		mov	sp, r0
  72 0028 7047     		bx	lr
  73              	.L6:
  74 002a 00BF     		.align	2
  75              	.L5:
  76 002c 00000000 		.word	flag_play_note
  77 0030 00000000 		.word	counter
  78              		.cfi_endproc
  79              	.LFE398:
  80              		.size	SysTick_Handler, .-SysTick_Handler
  81              		.align	1
  82              		.global	EXTI9_5_Handler
  83              		.thumb
  84              		.thumb_func
  85              		.type	EXTI9_5_Handler, %function
  86              	EXTI9_5_Handler:
  87              	.LFB399:
  27:src/sys/interrupt_handlers.c **** 
  28:src/sys/interrupt_handlers.c **** void __attribute__((interrupt)) EXTI9_5_Handler() /* Shield User Button for next song functionality
  29:src/sys/interrupt_handlers.c **** {
  88              		.loc 1 29 0
  89              		.cfi_startproc
  90              		@ Stack Align: May be called with mis-aligned SP.
  91              		@ args = 0, pretend = 0, frame = 0
  92              		@ frame_needed = 0, uses_anonymous_args = 0
  93 0034 6846     		mov	r0, sp
  94              		.cfi_register 13, 0
  95 0036 20F00701 		bic	r1, r0, #7
  96 003a 8D46     		mov	sp, r1
  97 003c 01B5     		push	{r0, lr}
  98              		.cfi_def_cfa_offset 8
  99              		.cfi_offset 13, -8
 100              		.cfi_offset 14, -4
  30:src/sys/interrupt_handlers.c ****     EXTI.PR |= 1 << 8; /* this is for stoping the interuption */
 101              		.loc 1 30 0
 102 003e 074A     		ldr	r2, .L8
 103 0040 5369     		ldr	r3, [r2, #20]
  31:src/sys/interrupt_handlers.c ****     
  32:src/sys/interrupt_handlers.c ****     LED_flag = 2;   /* Sets the state on loading next state */
  33:src/sys/interrupt_handlers.c ****     next = 1;       /* Allows the changing of the song */
  34:src/sys/interrupt_handlers.c **** 
  35:src/sys/interrupt_handlers.c **** }
 104              		.loc 1 35 0
 105 0042 BDE80140 		pop	{r0, lr}
 106              		.cfi_restore 14
 107              		.cfi_restore 0
 108              		.cfi_def_cfa_offset 0
  30:src/sys/interrupt_handlers.c ****     EXTI.PR |= 1 << 8; /* this is for stoping the interuption */
 109              		.loc 1 30 0
 110 0046 43F48073 		orr	r3, r3, #256
 111 004a 5361     		str	r3, [r2, #20]
  32:src/sys/interrupt_handlers.c ****     next = 1;       /* Allows the changing of the song */
 112              		.loc 1 32 0
 113 004c 044B     		ldr	r3, .L8+4
 114 004e 0222     		movs	r2, #2
 115 0050 1A60     		str	r2, [r3]
  33:src/sys/interrupt_handlers.c **** 
 116              		.loc 1 33 0
 117 0052 044B     		ldr	r3, .L8+8
 118 0054 0122     		movs	r2, #1
 119 0056 1A60     		str	r2, [r3]
 120              		.loc 1 35 0
 121 0058 8546     		mov	sp, r0
 122 005a 7047     		bx	lr
 123              	.L9:
 124              		.align	2
 125              	.L8:
 126 005c 00000000 		.word	EXTI
 127 0060 00000000 		.word	LED_flag
 128 0064 00000000 		.word	next
 129              		.cfi_endproc
 130              	.LFE399:
 131              		.size	EXTI9_5_Handler, .-EXTI9_5_Handler
 132              		.align	1
 133              		.global	EXTI15_10_Handler
 134              		.thumb
 135              		.thumb_func
 136              		.type	EXTI15_10_Handler, %function
 137              	EXTI15_10_Handler:
 138              	.LFB400:
  36:src/sys/interrupt_handlers.c **** 
  37:src/sys/interrupt_handlers.c **** 
  38:src/sys/interrupt_handlers.c **** void __attribute__((interrupt)) EXTI15_10_Handler()/* STM32 User Button for the play/pause function
  39:src/sys/interrupt_handlers.c **** {
 139              		.loc 1 39 0
 140              		.cfi_startproc
 141              		@ Stack Align: May be called with mis-aligned SP.
 142              		@ args = 0, pretend = 0, frame = 0
 143              		@ frame_needed = 0, uses_anonymous_args = 0
  40:src/sys/interrupt_handlers.c ****     EXTI.PR |= 1 << 13; /* this is for stoping the interuption */
 144              		.loc 1 40 0
 145 0068 0C4A     		ldr	r2, .L12
  39:src/sys/interrupt_handlers.c ****     EXTI.PR |= 1 << 13; /* this is for stoping the interuption */
 146              		.loc 1 39 0
 147 006a 6846     		mov	r0, sp
 148              		.cfi_register 13, 0
 149              		.loc 1 40 0
 150 006c 5369     		ldr	r3, [r2, #20]
  39:src/sys/interrupt_handlers.c ****     EXTI.PR |= 1 << 13; /* this is for stoping the interuption */
 151              		.loc 1 39 0
 152 006e 20F00701 		bic	r1, r0, #7
 153 0072 8D46     		mov	sp, r1
 154              		.loc 1 40 0
 155 0074 43F40053 		orr	r3, r3, #8192
  39:src/sys/interrupt_handlers.c ****     EXTI.PR |= 1 << 13; /* this is for stoping the interuption */
 156              		.loc 1 39 0
 157 0078 01B5     		push	{r0, lr}
 158              		.cfi_def_cfa_offset 8
 159              		.cfi_offset 13, -8
 160              		.cfi_offset 14, -4
 161              		.loc 1 40 0
 162 007a 5361     		str	r3, [r2, #20]
  41:src/sys/interrupt_handlers.c ****                         
  42:src/sys/interrupt_handlers.c ****     
  43:src/sys/interrupt_handlers.c ****     LED_flag = 1;       /* Sets the LED mode to Pause */                   
 163              		.loc 1 43 0
 164 007c 084B     		ldr	r3, .L12+4
 165 007e 0122     		movs	r2, #1
 166 0080 1A60     		str	r2, [r3]
  44:src/sys/interrupt_handlers.c ****                         
  45:src/sys/interrupt_handlers.c ****     play_pause++;       /* Increments the global variable that tracks the play/pause sequence */
 167              		.loc 1 45 0
 168 0082 084B     		ldr	r3, .L12+8
 169 0084 1A68     		ldr	r2, [r3]
 170 0086 0132     		adds	r2, r2, #1
 171 0088 1A60     		str	r2, [r3]
  46:src/sys/interrupt_handlers.c ****     
  47:src/sys/interrupt_handlers.c ****     if(play_pause == 2) /* Is we are in the pause state, we need to reset to play */
  48:src/sys/interrupt_handlers.c ****         play_pause = 0; /* So we place 0 again in the variable */
  49:src/sys/interrupt_handlers.c ****     
  50:src/sys/interrupt_handlers.c ****     
  51:src/sys/interrupt_handlers.c **** }
 172              		.loc 1 51 0
 173 008a BDE80140 		pop	{r0, lr}
 174              		.cfi_restore 14
 175              		.cfi_restore 0
 176              		.cfi_def_cfa_offset 0
  47:src/sys/interrupt_handlers.c ****         play_pause = 0; /* So we place 0 again in the variable */
 177              		.loc 1 47 0
 178 008e 1A68     		ldr	r2, [r3]
 179 0090 022A     		cmp	r2, #2
  48:src/sys/interrupt_handlers.c ****     
 180              		.loc 1 48 0
 181 0092 04BF     		itt	eq
 182 0094 0022     		moveq	r2, #0
 183 0096 1A60     		streq	r2, [r3]
 184              		.loc 1 51 0
 185 0098 8546     		mov	sp, r0
 186 009a 7047     		bx	lr
 187              	.L13:
 188              		.align	2
 189              	.L12:
 190 009c 00000000 		.word	EXTI
 191 00a0 00000000 		.word	LED_flag
 192 00a4 00000000 		.word	play_pause
 193              		.cfi_endproc
 194              	.LFE400:
 195              		.size	EXTI15_10_Handler, .-EXTI15_10_Handler
 196              		.comm	LED_flag,4,4
 197              		.comm	j,4,4
 198              		.comm	i,4,4
 199              		.comm	play_pause,4,4
 200              		.comm	counter,4,4
 201              		.comm	flag_play_note,4,4
 202              		.comm	next,4,4
 203              	.Letext0:
 204              		.file 2 "/usr/include/newlib/machine/_default_types.h"
 205              		.file 3 "/usr/include/newlib/sys/_stdint.h"
 206              		.file 4 "src/sys/devices.h"
 207              		.section	.debug_info,"",%progbits
 208              	.Ldebug_info0:
 209 0000 81030000 		.4byte	0x381
 210 0004 0400     		.2byte	0x4
 211 0006 00000000 		.4byte	.Ldebug_abbrev0
 212 000a 04       		.byte	0x4
 213 000b 01       		.uleb128 0x1
 214 000c 0A000000 		.4byte	.LASF62
 215 0010 0C       		.byte	0xc
 216 0011 2E010000 		.4byte	.LASF63
 217 0015 E6010000 		.4byte	.LASF64
 218 0019 00000000 		.4byte	.Ltext0
 219 001d A8000000 		.4byte	.Letext0-.Ltext0
 220 0021 00000000 		.4byte	.Ldebug_line0
 221 0025 02       		.uleb128 0x2
 222 0026 01       		.byte	0x1
 223 0027 06       		.byte	0x6
 224 0028 37020000 		.4byte	.LASF0
 225 002c 02       		.uleb128 0x2
 226 002d 01       		.byte	0x1
 227 002e 08       		.byte	0x8
 228 002f BE010000 		.4byte	.LASF1
 229 0033 02       		.uleb128 0x2
 230 0034 02       		.byte	0x2
 231 0035 05       		.byte	0x5
 232 0036 D3000000 		.4byte	.LASF2
 233 003a 02       		.uleb128 0x2
 234 003b 02       		.byte	0x2
 235 003c 07       		.byte	0x7
 236 003d AD020000 		.4byte	.LASF3
 237 0041 02       		.uleb128 0x2
 238 0042 04       		.byte	0x4
 239 0043 05       		.byte	0x5
 240 0044 98010000 		.4byte	.LASF4
 241 0048 03       		.uleb128 0x3
 242 0049 0E010000 		.4byte	.LASF11
 243 004d 02       		.byte	0x2
 244 004e 41       		.byte	0x41
 245 004f 53000000 		.4byte	0x53
 246 0053 02       		.uleb128 0x2
 247 0054 04       		.byte	0x4
 248 0055 07       		.byte	0x7
 249 0056 EE020000 		.4byte	.LASF5
 250 005a 02       		.uleb128 0x2
 251 005b 08       		.byte	0x8
 252 005c 05       		.byte	0x5
 253 005d 8A010000 		.4byte	.LASF6
 254 0061 02       		.uleb128 0x2
 255 0062 08       		.byte	0x8
 256 0063 07       		.byte	0x7
 257 0064 43020000 		.4byte	.LASF7
 258 0068 04       		.uleb128 0x4
 259 0069 04       		.byte	0x4
 260 006a 05       		.byte	0x5
 261 006b 696E7400 		.ascii	"int\000"
 262 006f 02       		.uleb128 0x2
 263 0070 04       		.byte	0x4
 264 0071 07       		.byte	0x7
 265 0072 63020000 		.4byte	.LASF8
 266 0076 02       		.uleb128 0x2
 267 0077 04       		.byte	0x4
 268 0078 07       		.byte	0x7
 269 0079 DD000000 		.4byte	.LASF9
 270 007d 02       		.uleb128 0x2
 271 007e 01       		.byte	0x1
 272 007f 08       		.byte	0x8
 273 0080 A8020000 		.4byte	.LASF10
 274 0084 03       		.uleb128 0x3
 275 0085 5A020000 		.4byte	.LASF12
 276 0089 03       		.byte	0x3
 277 008a 30       		.byte	0x30
 278 008b 48000000 		.4byte	0x48
 279 008f 05       		.uleb128 0x5
 280 0090 79020000 		.4byte	.LASF48
 281 0094 98       		.byte	0x98
 282 0095 04       		.byte	0x4
 283 0096 68       		.byte	0x68
 284 0097 63020000 		.4byte	0x263
 285 009b 06       		.uleb128 0x6
 286 009c 435200   		.ascii	"CR\000"
 287 009f 04       		.byte	0x4
 288 00a0 69       		.byte	0x69
 289 00a1 84000000 		.4byte	0x84
 290 00a5 00       		.byte	0
 291 00a6 07       		.uleb128 0x7
 292 00a7 87020000 		.4byte	.LASF13
 293 00ab 04       		.byte	0x4
 294 00ac 6A       		.byte	0x6a
 295 00ad 84000000 		.4byte	0x84
 296 00b1 04       		.byte	0x4
 297 00b2 07       		.uleb128 0x7
 298 00b3 29010000 		.4byte	.LASF14
 299 00b7 04       		.byte	0x4
 300 00b8 6B       		.byte	0x6b
 301 00b9 84000000 		.4byte	0x84
 302 00bd 08       		.byte	0x8
 303 00be 06       		.uleb128 0x6
 304 00bf 43495200 		.ascii	"CIR\000"
 305 00c3 04       		.byte	0x4
 306 00c4 6C       		.byte	0x6c
 307 00c5 84000000 		.4byte	0x84
 308 00c9 0C       		.byte	0xc
 309 00ca 07       		.uleb128 0x7
 310 00cb 59030000 		.4byte	.LASF15
 311 00cf 04       		.byte	0x4
 312 00d0 6D       		.byte	0x6d
 313 00d1 84000000 		.4byte	0x84
 314 00d5 10       		.byte	0x10
 315 00d6 07       		.uleb128 0x7
 316 00d7 70020000 		.4byte	.LASF16
 317 00db 04       		.byte	0x4
 318 00dc 6E       		.byte	0x6e
 319 00dd 84000000 		.4byte	0x84
 320 00e1 14       		.byte	0x14
 321 00e2 07       		.uleb128 0x7
 322 00e3 71030000 		.4byte	.LASF17
 323 00e7 04       		.byte	0x4
 324 00e8 6F       		.byte	0x6f
 325 00e9 84000000 		.4byte	0x84
 326 00ed 18       		.byte	0x18
 327 00ee 07       		.uleb128 0x7
 328 00ef C5020000 		.4byte	.LASF18
 329 00f3 04       		.byte	0x4
 330 00f4 70       		.byte	0x70
 331 00f5 84000000 		.4byte	0x84
 332 00f9 1C       		.byte	0x1c
 333 00fa 07       		.uleb128 0x7
 334 00fb AE000000 		.4byte	.LASF19
 335 00ff 04       		.byte	0x4
 336 0100 71       		.byte	0x71
 337 0101 84000000 		.4byte	0x84
 338 0105 20       		.byte	0x20
 339 0106 07       		.uleb128 0x7
 340 0107 AA010000 		.4byte	.LASF20
 341 010b 04       		.byte	0x4
 342 010c 72       		.byte	0x72
 343 010d 84000000 		.4byte	0x84
 344 0111 24       		.byte	0x24
 345 0112 07       		.uleb128 0x7
 346 0113 62030000 		.4byte	.LASF21
 347 0117 04       		.byte	0x4
 348 0118 73       		.byte	0x73
 349 0119 84000000 		.4byte	0x84
 350 011d 28       		.byte	0x28
 351 011e 07       		.uleb128 0x7
 352 011f 8F030000 		.4byte	.LASF22
 353 0123 04       		.byte	0x4
 354 0124 74       		.byte	0x74
 355 0125 84000000 		.4byte	0x84
 356 0129 2C       		.byte	0x2c
 357 012a 07       		.uleb128 0x7
 358 012b 1E030000 		.4byte	.LASF23
 359 012f 04       		.byte	0x4
 360 0130 75       		.byte	0x75
 361 0131 84000000 		.4byte	0x84
 362 0135 30       		.byte	0x30
 363 0136 07       		.uleb128 0x7
 364 0137 B7000000 		.4byte	.LASF24
 365 013b 04       		.byte	0x4
 366 013c 76       		.byte	0x76
 367 013d 84000000 		.4byte	0x84
 368 0141 34       		.byte	0x34
 369 0142 07       		.uleb128 0x7
 370 0143 79010000 		.4byte	.LASF25
 371 0147 04       		.byte	0x4
 372 0148 77       		.byte	0x77
 373 0149 84000000 		.4byte	0x84
 374 014d 38       		.byte	0x38
 375 014e 07       		.uleb128 0x7
 376 014f 0F030000 		.4byte	.LASF26
 377 0153 04       		.byte	0x4
 378 0154 78       		.byte	0x78
 379 0155 84000000 		.4byte	0x84
 380 0159 3C       		.byte	0x3c
 381 015a 07       		.uleb128 0x7
 382 015b 4B010000 		.4byte	.LASF27
 383 015f 04       		.byte	0x4
 384 0160 79       		.byte	0x79
 385 0161 84000000 		.4byte	0x84
 386 0165 40       		.byte	0x40
 387 0166 07       		.uleb128 0x7
 388 0167 2F020000 		.4byte	.LASF28
 389 016b 04       		.byte	0x4
 390 016c 7A       		.byte	0x7a
 391 016d 84000000 		.4byte	0x84
 392 0171 44       		.byte	0x44
 393 0172 07       		.uleb128 0x7
 394 0173 8F020000 		.4byte	.LASF29
 395 0177 04       		.byte	0x4
 396 0178 7B       		.byte	0x7b
 397 0179 84000000 		.4byte	0x84
 398 017d 48       		.byte	0x48
 399 017e 07       		.uleb128 0x7
 400 017f 6A010000 		.4byte	.LASF30
 401 0183 04       		.byte	0x4
 402 0184 7C       		.byte	0x7c
 403 0185 84000000 		.4byte	0x84
 404 0189 4C       		.byte	0x4c
 405 018a 07       		.uleb128 0x7
 406 018b 00000000 		.4byte	.LASF31
 407 018f 04       		.byte	0x4
 408 0190 7D       		.byte	0x7d
 409 0191 84000000 		.4byte	0x84
 410 0195 50       		.byte	0x50
 411 0196 07       		.uleb128 0x7
 412 0197 D4020000 		.4byte	.LASF32
 413 019b 04       		.byte	0x4
 414 019c 7E       		.byte	0x7e
 415 019d 84000000 		.4byte	0x84
 416 01a1 54       		.byte	0x54
 417 01a2 07       		.uleb128 0x7
 418 01a3 1F010000 		.4byte	.LASF33
 419 01a7 04       		.byte	0x4
 420 01a8 7F       		.byte	0x7f
 421 01a9 84000000 		.4byte	0x84
 422 01ad 58       		.byte	0x58
 423 01ae 07       		.uleb128 0x7
 424 01af 00030000 		.4byte	.LASF34
 425 01b3 04       		.byte	0x4
 426 01b4 80       		.byte	0x80
 427 01b5 84000000 		.4byte	0x84
 428 01b9 5C       		.byte	0x5c
 429 01ba 07       		.uleb128 0x7
 430 01bb 9E020000 		.4byte	.LASF35
 431 01bf 04       		.byte	0x4
 432 01c0 81       		.byte	0x81
 433 01c1 84000000 		.4byte	0x84
 434 01c5 60       		.byte	0x60
 435 01c6 07       		.uleb128 0x7
 436 01c7 85030000 		.4byte	.LASF36
 437 01cb 04       		.byte	0x4
 438 01cc 82       		.byte	0x82
 439 01cd 84000000 		.4byte	0x84
 440 01d1 64       		.byte	0x64
 441 01d2 07       		.uleb128 0x7
 442 01d3 4A030000 		.4byte	.LASF37
 443 01d7 04       		.byte	0x4
 444 01d8 83       		.byte	0x83
 445 01d9 84000000 		.4byte	0x84
 446 01dd 68       		.byte	0x68
 447 01de 07       		.uleb128 0x7
 448 01df 9F000000 		.4byte	.LASF38
 449 01e3 04       		.byte	0x4
 450 01e4 84       		.byte	0x84
 451 01e5 84000000 		.4byte	0x84
 452 01e9 6C       		.byte	0x6c
 453 01ea 07       		.uleb128 0x7
 454 01eb E6000000 		.4byte	.LASF39
 455 01ef 04       		.byte	0x4
 456 01f0 85       		.byte	0x85
 457 01f1 84000000 		.4byte	0x84
 458 01f5 70       		.byte	0x70
 459 01f6 06       		.uleb128 0x6
 460 01f7 43535200 		.ascii	"CSR\000"
 461 01fb 04       		.byte	0x4
 462 01fc 86       		.byte	0x86
 463 01fd 84000000 		.4byte	0x84
 464 0201 74       		.byte	0x74
 465 0202 07       		.uleb128 0x7
 466 0203 F4000000 		.4byte	.LASF40
 467 0207 04       		.byte	0x4
 468 0208 87       		.byte	0x87
 469 0209 84000000 		.4byte	0x84
 470 020d 78       		.byte	0x78
 471 020e 07       		.uleb128 0x7
 472 020f 5B010000 		.4byte	.LASF41
 473 0213 04       		.byte	0x4
 474 0214 88       		.byte	0x88
 475 0215 84000000 		.4byte	0x84
 476 0219 7C       		.byte	0x7c
 477 021a 07       		.uleb128 0x7
 478 021b 19010000 		.4byte	.LASF42
 479 021f 04       		.byte	0x4
 480 0220 89       		.byte	0x89
 481 0221 84000000 		.4byte	0x84
 482 0225 80       		.byte	0x80
 483 0226 07       		.uleb128 0x7
 484 0227 03010000 		.4byte	.LASF43
 485 022b 04       		.byte	0x4
 486 022c 8A       		.byte	0x8a
 487 022d 84000000 		.4byte	0x84
 488 0231 84       		.byte	0x84
 489 0232 07       		.uleb128 0x7
 490 0233 7A030000 		.4byte	.LASF44
 491 0237 04       		.byte	0x4
 492 0238 8B       		.byte	0x8b
 493 0239 84000000 		.4byte	0x84
 494 023d 88       		.byte	0x88
 495 023e 07       		.uleb128 0x7
 496 023f 53010000 		.4byte	.LASF45
 497 0243 04       		.byte	0x4
 498 0244 8C       		.byte	0x8c
 499 0245 84000000 		.4byte	0x84
 500 0249 8C       		.byte	0x8c
 501 024a 07       		.uleb128 0x7
 502 024b EB000000 		.4byte	.LASF46
 503 024f 04       		.byte	0x4
 504 0250 8D       		.byte	0x8d
 505 0251 84000000 		.4byte	0x84
 506 0255 90       		.byte	0x90
 507 0256 07       		.uleb128 0x7
 508 0257 A1010000 		.4byte	.LASF47
 509 025b 04       		.byte	0x4
 510 025c 8E       		.byte	0x8e
 511 025d 84000000 		.4byte	0x84
 512 0261 94       		.byte	0x94
 513 0262 00       		.byte	0
 514 0263 05       		.uleb128 0x5
 515 0264 BF000000 		.4byte	.LASF49
 516 0268 18       		.byte	0x18
 517 0269 04       		.byte	0x4
 518 026a C1       		.byte	0xc1
 519 026b B7020000 		.4byte	0x2b7
 520 026f 06       		.uleb128 0x6
 521 0270 494D5200 		.ascii	"IMR\000"
 522 0274 04       		.byte	0x4
 523 0275 C2       		.byte	0xc2
 524 0276 84000000 		.4byte	0x84
 525 027a 00       		.byte	0
 526 027b 06       		.uleb128 0x6
 527 027c 454D5200 		.ascii	"EMR\000"
 528 0280 04       		.byte	0x4
 529 0281 C3       		.byte	0xc3
 530 0282 84000000 		.4byte	0x84
 531 0286 04       		.byte	0x4
 532 0287 07       		.uleb128 0x7
 533 0288 C0020000 		.4byte	.LASF50
 534 028c 04       		.byte	0x4
 535 028d C4       		.byte	0xc4
 536 028e 84000000 		.4byte	0x84
 537 0292 08       		.byte	0x8
 538 0293 07       		.uleb128 0x7
 539 0294 36030000 		.4byte	.LASF51
 540 0298 04       		.byte	0x4
 541 0299 C5       		.byte	0xc5
 542 029a 84000000 		.4byte	0x84
 543 029e 0C       		.byte	0xc
 544 029f 07       		.uleb128 0x7
 545 02a0 A3030000 		.4byte	.LASF52
 546 02a4 04       		.byte	0x4
 547 02a5 C6       		.byte	0xc6
 548 02a6 84000000 		.4byte	0x84
 549 02aa 10       		.byte	0x10
 550 02ab 06       		.uleb128 0x6
 551 02ac 505200   		.ascii	"PR\000"
 552 02af 04       		.byte	0x4
 553 02b0 C7       		.byte	0xc7
 554 02b1 84000000 		.4byte	0x84
 555 02b5 14       		.byte	0x14
 556 02b6 00       		.byte	0
 557 02b7 08       		.uleb128 0x8
 558 02b8 26030000 		.4byte	.LASF53
 559 02bc 01       		.byte	0x1
 560 02bd 0F       		.byte	0xf
 561 02be 00000000 		.4byte	.LFB398
 562 02c2 34000000 		.4byte	.LFE398-.LFB398
 563 02c6 01       		.uleb128 0x1
 564 02c7 9C       		.byte	0x9c
 565 02c8 08       		.uleb128 0x8
 566 02c9 DE020000 		.4byte	.LASF54
 567 02cd 01       		.byte	0x1
 568 02ce 1C       		.byte	0x1c
 569 02cf 34000000 		.4byte	.LFB399
 570 02d3 34000000 		.4byte	.LFE399-.LFB399
 571 02d7 01       		.uleb128 0x1
 572 02d8 9C       		.byte	0x9c
 573 02d9 08       		.uleb128 0x8
 574 02da CC010000 		.4byte	.LASF55
 575 02de 01       		.byte	0x1
 576 02df 26       		.byte	0x26
 577 02e0 68000000 		.4byte	.LFB400
 578 02e4 40000000 		.4byte	.LFE400-.LFB400
 579 02e8 01       		.uleb128 0x1
 580 02e9 9C       		.byte	0x9c
 581 02ea 09       		.uleb128 0x9
 582 02eb 52434300 		.ascii	"RCC\000"
 583 02ef 04       		.byte	0x4
 584 02f0 3D02     		.2byte	0x23d
 585 02f2 F6020000 		.4byte	0x2f6
 586 02f6 0A       		.uleb128 0xa
 587 02f7 8F000000 		.4byte	0x8f
 588 02fb 0B       		.uleb128 0xb
 589 02fc CE000000 		.4byte	.LASF56
 590 0300 04       		.byte	0x4
 591 0301 4E02     		.2byte	0x24e
 592 0303 07030000 		.4byte	0x307
 593 0307 0A       		.uleb128 0xa
 594 0308 63020000 		.4byte	0x263
 595 030c 0C       		.uleb128 0xc
 596 030d 9E030000 		.4byte	.LASF57
 597 0311 01       		.byte	0x1
 598 0312 07       		.byte	0x7
 599 0313 1D030000 		.4byte	0x31d
 600 0317 05       		.uleb128 0x5
 601 0318 03       		.byte	0x3
 602 0319 00000000 		.4byte	next
 603 031d 0A       		.uleb128 0xa
 604 031e 84000000 		.4byte	0x84
 605 0322 0C       		.uleb128 0xc
 606 0323 3B030000 		.4byte	.LASF58
 607 0327 01       		.byte	0x1
 608 0328 08       		.byte	0x8
 609 0329 1D030000 		.4byte	0x31d
 610 032d 05       		.uleb128 0x5
 611 032e 03       		.byte	0x3
 612 032f 00000000 		.4byte	flag_play_note
 613 0333 0C       		.uleb128 0xc
 614 0334 DE010000 		.4byte	.LASF59
 615 0338 01       		.byte	0x1
 616 0339 09       		.byte	0x9
 617 033a 1D030000 		.4byte	0x31d
 618 033e 05       		.uleb128 0x5
 619 033f 03       		.byte	0x3
 620 0340 00000000 		.4byte	counter
 621 0344 0C       		.uleb128 0xc
 622 0345 B3010000 		.4byte	.LASF60
 623 0349 01       		.byte	0x1
 624 034a 0A       		.byte	0xa
 625 034b 1D030000 		.4byte	0x31d
 626 034f 05       		.uleb128 0x5
 627 0350 03       		.byte	0x3
 628 0351 00000000 		.4byte	play_pause
 629 0355 0D       		.uleb128 0xd
 630 0356 6900     		.ascii	"i\000"
 631 0358 01       		.byte	0x1
 632 0359 0B       		.byte	0xb
 633 035a 1D030000 		.4byte	0x31d
 634 035e 05       		.uleb128 0x5
 635 035f 03       		.byte	0x3
 636 0360 00000000 		.4byte	i
 637 0364 0D       		.uleb128 0xd
 638 0365 6A00     		.ascii	"j\000"
 639 0367 01       		.byte	0x1
 640 0368 0C       		.byte	0xc
 641 0369 1D030000 		.4byte	0x31d
 642 036d 05       		.uleb128 0x5
 643 036e 03       		.byte	0x3
 644 036f 00000000 		.4byte	j
 645 0373 0C       		.uleb128 0xc
 646 0374 81010000 		.4byte	.LASF61
 647 0378 01       		.byte	0x1
 648 0379 0D       		.byte	0xd
 649 037a 1D030000 		.4byte	0x31d
 650 037e 05       		.uleb128 0x5
 651 037f 03       		.byte	0x3
 652 0380 00000000 		.4byte	LED_flag
 653 0384 00       		.byte	0
 654              		.section	.debug_abbrev,"",%progbits
 655              	.Ldebug_abbrev0:
 656 0000 01       		.uleb128 0x1
 657 0001 11       		.uleb128 0x11
 658 0002 01       		.byte	0x1
 659 0003 25       		.uleb128 0x25
 660 0004 0E       		.uleb128 0xe
 661 0005 13       		.uleb128 0x13
 662 0006 0B       		.uleb128 0xb
 663 0007 03       		.uleb128 0x3
 664 0008 0E       		.uleb128 0xe
 665 0009 1B       		.uleb128 0x1b
 666 000a 0E       		.uleb128 0xe
 667 000b 11       		.uleb128 0x11
 668 000c 01       		.uleb128 0x1
 669 000d 12       		.uleb128 0x12
 670 000e 06       		.uleb128 0x6
 671 000f 10       		.uleb128 0x10
 672 0010 17       		.uleb128 0x17
 673 0011 00       		.byte	0
 674 0012 00       		.byte	0
 675 0013 02       		.uleb128 0x2
 676 0014 24       		.uleb128 0x24
 677 0015 00       		.byte	0
 678 0016 0B       		.uleb128 0xb
 679 0017 0B       		.uleb128 0xb
 680 0018 3E       		.uleb128 0x3e
 681 0019 0B       		.uleb128 0xb
 682 001a 03       		.uleb128 0x3
 683 001b 0E       		.uleb128 0xe
 684 001c 00       		.byte	0
 685 001d 00       		.byte	0
 686 001e 03       		.uleb128 0x3
 687 001f 16       		.uleb128 0x16
 688 0020 00       		.byte	0
 689 0021 03       		.uleb128 0x3
 690 0022 0E       		.uleb128 0xe
 691 0023 3A       		.uleb128 0x3a
 692 0024 0B       		.uleb128 0xb
 693 0025 3B       		.uleb128 0x3b
 694 0026 0B       		.uleb128 0xb
 695 0027 49       		.uleb128 0x49
 696 0028 13       		.uleb128 0x13
 697 0029 00       		.byte	0
 698 002a 00       		.byte	0
 699 002b 04       		.uleb128 0x4
 700 002c 24       		.uleb128 0x24
 701 002d 00       		.byte	0
 702 002e 0B       		.uleb128 0xb
 703 002f 0B       		.uleb128 0xb
 704 0030 3E       		.uleb128 0x3e
 705 0031 0B       		.uleb128 0xb
 706 0032 03       		.uleb128 0x3
 707 0033 08       		.uleb128 0x8
 708 0034 00       		.byte	0
 709 0035 00       		.byte	0
 710 0036 05       		.uleb128 0x5
 711 0037 13       		.uleb128 0x13
 712 0038 01       		.byte	0x1
 713 0039 03       		.uleb128 0x3
 714 003a 0E       		.uleb128 0xe
 715 003b 0B       		.uleb128 0xb
 716 003c 0B       		.uleb128 0xb
 717 003d 3A       		.uleb128 0x3a
 718 003e 0B       		.uleb128 0xb
 719 003f 3B       		.uleb128 0x3b
 720 0040 0B       		.uleb128 0xb
 721 0041 01       		.uleb128 0x1
 722 0042 13       		.uleb128 0x13
 723 0043 00       		.byte	0
 724 0044 00       		.byte	0
 725 0045 06       		.uleb128 0x6
 726 0046 0D       		.uleb128 0xd
 727 0047 00       		.byte	0
 728 0048 03       		.uleb128 0x3
 729 0049 08       		.uleb128 0x8
 730 004a 3A       		.uleb128 0x3a
 731 004b 0B       		.uleb128 0xb
 732 004c 3B       		.uleb128 0x3b
 733 004d 0B       		.uleb128 0xb
 734 004e 49       		.uleb128 0x49
 735 004f 13       		.uleb128 0x13
 736 0050 38       		.uleb128 0x38
 737 0051 0B       		.uleb128 0xb
 738 0052 00       		.byte	0
 739 0053 00       		.byte	0
 740 0054 07       		.uleb128 0x7
 741 0055 0D       		.uleb128 0xd
 742 0056 00       		.byte	0
 743 0057 03       		.uleb128 0x3
 744 0058 0E       		.uleb128 0xe
 745 0059 3A       		.uleb128 0x3a
 746 005a 0B       		.uleb128 0xb
 747 005b 3B       		.uleb128 0x3b
 748 005c 0B       		.uleb128 0xb
 749 005d 49       		.uleb128 0x49
 750 005e 13       		.uleb128 0x13
 751 005f 38       		.uleb128 0x38
 752 0060 0B       		.uleb128 0xb
 753 0061 00       		.byte	0
 754 0062 00       		.byte	0
 755 0063 08       		.uleb128 0x8
 756 0064 2E       		.uleb128 0x2e
 757 0065 00       		.byte	0
 758 0066 3F       		.uleb128 0x3f
 759 0067 19       		.uleb128 0x19
 760 0068 03       		.uleb128 0x3
 761 0069 0E       		.uleb128 0xe
 762 006a 3A       		.uleb128 0x3a
 763 006b 0B       		.uleb128 0xb
 764 006c 3B       		.uleb128 0x3b
 765 006d 0B       		.uleb128 0xb
 766 006e 11       		.uleb128 0x11
 767 006f 01       		.uleb128 0x1
 768 0070 12       		.uleb128 0x12
 769 0071 06       		.uleb128 0x6
 770 0072 40       		.uleb128 0x40
 771 0073 18       		.uleb128 0x18
 772 0074 9742     		.uleb128 0x2117
 773 0076 19       		.uleb128 0x19
 774 0077 00       		.byte	0
 775 0078 00       		.byte	0
 776 0079 09       		.uleb128 0x9
 777 007a 34       		.uleb128 0x34
 778 007b 00       		.byte	0
 779 007c 03       		.uleb128 0x3
 780 007d 08       		.uleb128 0x8
 781 007e 3A       		.uleb128 0x3a
 782 007f 0B       		.uleb128 0xb
 783 0080 3B       		.uleb128 0x3b
 784 0081 05       		.uleb128 0x5
 785 0082 49       		.uleb128 0x49
 786 0083 13       		.uleb128 0x13
 787 0084 3F       		.uleb128 0x3f
 788 0085 19       		.uleb128 0x19
 789 0086 3C       		.uleb128 0x3c
 790 0087 19       		.uleb128 0x19
 791 0088 00       		.byte	0
 792 0089 00       		.byte	0
 793 008a 0A       		.uleb128 0xa
 794 008b 35       		.uleb128 0x35
 795 008c 00       		.byte	0
 796 008d 49       		.uleb128 0x49
 797 008e 13       		.uleb128 0x13
 798 008f 00       		.byte	0
 799 0090 00       		.byte	0
 800 0091 0B       		.uleb128 0xb
 801 0092 34       		.uleb128 0x34
 802 0093 00       		.byte	0
 803 0094 03       		.uleb128 0x3
 804 0095 0E       		.uleb128 0xe
 805 0096 3A       		.uleb128 0x3a
 806 0097 0B       		.uleb128 0xb
 807 0098 3B       		.uleb128 0x3b
 808 0099 05       		.uleb128 0x5
 809 009a 49       		.uleb128 0x49
 810 009b 13       		.uleb128 0x13
 811 009c 3F       		.uleb128 0x3f
 812 009d 19       		.uleb128 0x19
 813 009e 3C       		.uleb128 0x3c
 814 009f 19       		.uleb128 0x19
 815 00a0 00       		.byte	0
 816 00a1 00       		.byte	0
 817 00a2 0C       		.uleb128 0xc
 818 00a3 34       		.uleb128 0x34
 819 00a4 00       		.byte	0
 820 00a5 03       		.uleb128 0x3
 821 00a6 0E       		.uleb128 0xe
 822 00a7 3A       		.uleb128 0x3a
 823 00a8 0B       		.uleb128 0xb
 824 00a9 3B       		.uleb128 0x3b
 825 00aa 0B       		.uleb128 0xb
 826 00ab 49       		.uleb128 0x49
 827 00ac 13       		.uleb128 0x13
 828 00ad 3F       		.uleb128 0x3f
 829 00ae 19       		.uleb128 0x19
 830 00af 02       		.uleb128 0x2
 831 00b0 18       		.uleb128 0x18
 832 00b1 00       		.byte	0
 833 00b2 00       		.byte	0
 834 00b3 0D       		.uleb128 0xd
 835 00b4 34       		.uleb128 0x34
 836 00b5 00       		.byte	0
 837 00b6 03       		.uleb128 0x3
 838 00b7 08       		.uleb128 0x8
 839 00b8 3A       		.uleb128 0x3a
 840 00b9 0B       		.uleb128 0xb
 841 00ba 3B       		.uleb128 0x3b
 842 00bb 0B       		.uleb128 0xb
 843 00bc 49       		.uleb128 0x49
 844 00bd 13       		.uleb128 0x13
 845 00be 3F       		.uleb128 0x3f
 846 00bf 19       		.uleb128 0x19
 847 00c0 02       		.uleb128 0x2
 848 00c1 18       		.uleb128 0x18
 849 00c2 00       		.byte	0
 850 00c3 00       		.byte	0
 851 00c4 00       		.byte	0
 852              		.section	.debug_aranges,"",%progbits
 853 0000 1C000000 		.4byte	0x1c
 854 0004 0200     		.2byte	0x2
 855 0006 00000000 		.4byte	.Ldebug_info0
 856 000a 04       		.byte	0x4
 857 000b 00       		.byte	0
 858 000c 0000     		.2byte	0
 859 000e 0000     		.2byte	0
 860 0010 00000000 		.4byte	.Ltext0
 861 0014 A8000000 		.4byte	.Letext0-.Ltext0
 862 0018 00000000 		.4byte	0
 863 001c 00000000 		.4byte	0
 864              		.section	.debug_line,"",%progbits
 865              	.Ldebug_line0:
 866 0000 CA000000 		.section	.debug_str,"MS",%progbits,1
 866      02009500 
 866      00000201 
 866      FB0E0D00 
 866      01010101 
 867              	.LASF31:
 868 0000 41484231 		.ascii	"AHB1LPENR\000"
 868      4C50454E 
 868      5200
 869              	.LASF62:
 870 000a 474E5520 		.ascii	"GNU C99 5.4.1 20160919 -mtune=cortex-m4 -mthumb -ma"
 870      43393920 
 870      352E342E 
 870      31203230 
 870      31363039 
 871 003d 7263683D 		.ascii	"rch=armv7e-m -mfloat-abi=hard -mfpu=fpv4-sp-d16 -g "
 871      61726D76 
 871      37652D6D 
 871      202D6D66 
 871      6C6F6174 
 872 0070 2D4F3020 		.ascii	"-O0 -Os -std=gnu99 -fsingle-precision-constant\000"
 872      2D4F7320 
 872      2D737464 
 872      3D676E75 
 872      3939202D 
 873              	.LASF38:
 874 009f 5F726573 		.ascii	"_reserved_0x6c\000"
 874      65727665 
 874      645F3078 
 874      366300
 875              	.LASF19:
 876 00ae 41504231 		.ascii	"APB1RSTR\000"
 876      52535452 
 876      00
 877              	.LASF24:
 878 00b7 41484232 		.ascii	"AHB2ENR\000"
 878      454E5200 
 879              	.LASF49:
 880 00bf 45585449 		.ascii	"EXTI_registers\000"
 880      5F726567 
 880      69737465 
 880      727300
 881              	.LASF56:
 882 00ce 45585449 		.ascii	"EXTI\000"
 882      00
 883              	.LASF2:
 884 00d3 73686F72 		.ascii	"short int\000"
 884      7420696E 
 884      7400
 885              	.LASF9:
 886 00dd 73697A65 		.ascii	"sizetype\000"
 886      74797065 
 886      00
 887              	.LASF39:
 888 00e6 42444352 		.ascii	"BDCR\000"
 888      00
 889              	.LASF46:
 890 00eb 434B4741 		.ascii	"CKGATENR\000"
 890      54454E52 
 890      00
 891              	.LASF40:
 892 00f4 5F726573 		.ascii	"_reserved_0x78\000"
 892      65727665 
 892      645F3078 
 892      373800
 893              	.LASF43:
 894 0103 504C4C49 		.ascii	"PLLI2SCFGR\000"
 894      32534346 
 894      475200
 895              	.LASF11:
 896 010e 5F5F7569 		.ascii	"__uint32_t\000"
 896      6E743332 
 896      5F7400
 897              	.LASF42:
 898 0119 53534347 		.ascii	"SSCGR\000"
 898      5200
 899              	.LASF33:
 900 011f 41484233 		.ascii	"AHB3LPENR\000"
 900      4C50454E 
 900      5200
 901              	.LASF14:
 902 0129 43464752 		.ascii	"CFGR\000"
 902      00
 903              	.LASF63:
 904 012e 7372632F 		.ascii	"src/sys/interrupt_handlers.c\000"
 904      7379732F 
 904      696E7465 
 904      72727570 
 904      745F6861 
 905              	.LASF27:
 906 014b 41504231 		.ascii	"APB1ENR\000"
 906      454E5200 
 907              	.LASF45:
 908 0153 44434B43 		.ascii	"DCKCFGR\000"
 908      46475200 
 909              	.LASF41:
 910 015b 5F726573 		.ascii	"_reserved_0x7c\000"
 910      65727665 
 910      645F3078 
 910      376300
 911              	.LASF30:
 912 016a 5F726573 		.ascii	"_reserved_0x4c\000"
 912      65727665 
 912      645F3078 
 912      346300
 913              	.LASF25:
 914 0179 41484233 		.ascii	"AHB3ENR\000"
 914      454E5200 
 915              	.LASF61:
 916 0181 4C45445F 		.ascii	"LED_flag\000"
 916      666C6167 
 916      00
 917              	.LASF6:
 918 018a 6C6F6E67 		.ascii	"long long int\000"
 918      206C6F6E 
 918      6720696E 
 918      7400
 919              	.LASF4:
 920 0198 6C6F6E67 		.ascii	"long int\000"
 920      20696E74 
 920      00
 921              	.LASF47:
 922 01a1 44434B43 		.ascii	"DCKCFGR2\000"
 922      46475232 
 922      00
 923              	.LASF20:
 924 01aa 41504232 		.ascii	"APB2RSTR\000"
 924      52535452 
 924      00
 925              	.LASF60:
 926 01b3 706C6179 		.ascii	"play_pause\000"
 926      5F706175 
 926      736500
 927              	.LASF1:
 928 01be 756E7369 		.ascii	"unsigned char\000"
 928      676E6564 
 928      20636861 
 928      7200
 929              	.LASF55:
 930 01cc 45585449 		.ascii	"EXTI15_10_Handler\000"
 930      31355F31 
 930      305F4861 
 930      6E646C65 
 930      7200
 931              	.LASF59:
 932 01de 636F756E 		.ascii	"counter\000"
 932      74657200 
 933              	.LASF64:
 934 01e6 2F686F6D 		.ascii	"/home/etudiant/Bureau/CutiaMeaMuzicala_modular_v10 "
 934      652F6574 
 934      75646961 
 934      6E742F42 
 934      75726561 
 935 0219 28636F6D 		.ascii	"(comentat)) (copie 1)\000"
 935      656E7461 
 935      74292920 
 935      28636F70 
 935      69652031 
 936              	.LASF28:
 937 022f 41504232 		.ascii	"APB2ENR\000"
 937      454E5200 
 938              	.LASF0:
 939 0237 7369676E 		.ascii	"signed char\000"
 939      65642063 
 939      68617200 
 940              	.LASF7:
 941 0243 6C6F6E67 		.ascii	"long long unsigned int\000"
 941      206C6F6E 
 941      6720756E 
 941      7369676E 
 941      65642069 
 942              	.LASF12:
 943 025a 75696E74 		.ascii	"uint32_t\000"
 943      33325F74 
 943      00
 944              	.LASF8:
 945 0263 756E7369 		.ascii	"unsigned int\000"
 945      676E6564 
 945      20696E74 
 945      00
 946              	.LASF16:
 947 0270 41484232 		.ascii	"AHB2RSTR\000"
 947      52535452 
 947      00
 948              	.LASF48:
 949 0279 5243435F 		.ascii	"RCC_registers\000"
 949      72656769 
 949      73746572 
 949      7300
 950              	.LASF13:
 951 0287 504C4C43 		.ascii	"PLLCFGR\000"
 951      46475200 
 952              	.LASF29:
 953 028f 5F726573 		.ascii	"_reserved_0x48\000"
 953      65727665 
 953      645F3078 
 953      343800
 954              	.LASF35:
 955 029e 41504231 		.ascii	"APB1LPENR\000"
 955      4C50454E 
 955      5200
 956              	.LASF10:
 957 02a8 63686172 		.ascii	"char\000"
 957      00
 958              	.LASF3:
 959 02ad 73686F72 		.ascii	"short unsigned int\000"
 959      7420756E 
 959      7369676E 
 959      65642069 
 959      6E7400
 960              	.LASF50:
 961 02c0 52545352 		.ascii	"RTSR\000"
 961      00
 962              	.LASF18:
 963 02c5 5F726573 		.ascii	"_reserved_0x1c\000"
 963      65727665 
 963      645F3078 
 963      316300
 964              	.LASF32:
 965 02d4 41484232 		.ascii	"AHB2LPENR\000"
 965      4C50454E 
 965      5200
 966              	.LASF54:
 967 02de 45585449 		.ascii	"EXTI9_5_Handler\000"
 967      395F355F 
 967      48616E64 
 967      6C657200 
 968              	.LASF5:
 969 02ee 6C6F6E67 		.ascii	"long unsigned int\000"
 969      20756E73 
 969      69676E65 
 969      6420696E 
 969      7400
 970              	.LASF34:
 971 0300 5F726573 		.ascii	"_reserved_0x5c\000"
 971      65727665 
 971      645F3078 
 971      356300
 972              	.LASF26:
 973 030f 5F726573 		.ascii	"_reserved_0x3c\000"
 973      65727665 
 973      645F3078 
 973      336300
 974              	.LASF23:
 975 031e 41484231 		.ascii	"AHB1ENR\000"
 975      454E5200 
 976              	.LASF53:
 977 0326 53797354 		.ascii	"SysTick_Handler\000"
 977      69636B5F 
 977      48616E64 
 977      6C657200 
 978              	.LASF51:
 979 0336 46545352 		.ascii	"FTSR\000"
 979      00
 980              	.LASF58:
 981 033b 666C6167 		.ascii	"flag_play_note\000"
 981      5F706C61 
 981      795F6E6F 
 981      746500
 982              	.LASF37:
 983 034a 5F726573 		.ascii	"_reserved_0x68\000"
 983      65727665 
 983      645F3078 
 983      363800
 984              	.LASF15:
 985 0359 41484231 		.ascii	"AHB1RSTR\000"
 985      52535452 
 985      00
 986              	.LASF21:
 987 0362 5F726573 		.ascii	"_reserved_0x28\000"
 987      65727665 
 987      645F3078 
 987      323800
 988              	.LASF17:
 989 0371 41484233 		.ascii	"AHB3RSTR\000"
 989      52535452 
 989      00
 990              	.LASF44:
 991 037a 504C4C53 		.ascii	"PLLSAICFGR\000"
 991      41494346 
 991      475200
 992              	.LASF36:
 993 0385 41504232 		.ascii	"APB2LPENR\000"
 993      4C50454E 
 993      5200
 994              	.LASF22:
 995 038f 5F726573 		.ascii	"_reserved_0x2c\000"
 995      65727665 
 995      645F3078 
 995      326300
 996              	.LASF57:
 997 039e 6E657874 		.ascii	"next\000"
 997      00
 998              	.LASF52:
 999 03a3 53574945 		.ascii	"SWIER\000"
 999      5200
 1000              		.ident	"GCC: (15:5.4.1+svn241155-1) 5.4.1 20160919"
DEFINED SYMBOLS
                            *ABS*:0000000000000000 interrupt_handlers.c
     /tmp/ccMGmlcd.s:21     .text:0000000000000000 $t
     /tmp/ccMGmlcd.s:26     .text:0000000000000000 SysTick_Handler
     /tmp/ccMGmlcd.s:76     .text:000000000000002c $d
                            *COM*:0000000000000004 flag_play_note
                            *COM*:0000000000000004 counter
     /tmp/ccMGmlcd.s:81     .text:0000000000000034 $t
     /tmp/ccMGmlcd.s:86     .text:0000000000000034 EXTI9_5_Handler
     /tmp/ccMGmlcd.s:126    .text:000000000000005c $d
                            *COM*:0000000000000004 LED_flag
                            *COM*:0000000000000004 next
     /tmp/ccMGmlcd.s:132    .text:0000000000000068 $t
     /tmp/ccMGmlcd.s:137    .text:0000000000000068 EXTI15_10_Handler
     /tmp/ccMGmlcd.s:190    .text:000000000000009c $d
                            *COM*:0000000000000004 play_pause
                            *COM*:0000000000000004 j
                            *COM*:0000000000000004 i
                     .debug_frame:0000000000000010 $d

UNDEFINED SYMBOLS
EXTI
