   1              		.syntax unified
   2              		.arch armv7e-m
   3              		.eabi_attribute 27, 1
   4              		.eabi_attribute 28, 1
   5              		.fpu fpv4-sp-d16
   6              		.eabi_attribute 20, 1
   7              		.eabi_attribute 21, 1
   8              		.eabi_attribute 23, 3
   9              		.eabi_attribute 24, 1
  10              		.eabi_attribute 25, 1
  11              		.eabi_attribute 26, 1
  12              		.eabi_attribute 30, 4
  13              		.eabi_attribute 34, 1
  14              		.eabi_attribute 18, 4
  15              		.thumb
  16              		.syntax unified
  17              		.file	"systick.c"
  18              		.text
  19              	.Ltext0:
  20              		.cfi_sections	.debug_frame
  21              		.align	1
  22              		.global	SysTick_init
  23              		.thumb
  24              		.thumb_func
  25              		.type	SysTick_init, %function
  26              	SysTick_init:
  27              	.LFB398:
  28              		.file 1 "src/sys/systick.c"
   1:src/sys/systick.c **** #include "sys/devices.h"
   2:src/sys/systick.c **** #include "sys/clock.h"
   3:src/sys/systick.c **** #include "systick.h"
   4:src/sys/systick.c **** 
   5:src/sys/systick.c **** void SysTick_init(uint32_t freq) {
  29              		.loc 1 5 0
  30              		.cfi_startproc
  31              		@ args = 0, pretend = 0, frame = 0
  32              		@ frame_needed = 0, uses_anonymous_args = 0
  33              	.LVL0:
  34 0000 10B5     		push	{r4, lr}
  35              		.cfi_def_cfa_offset 8
  36              		.cfi_offset 4, -8
  37              		.cfi_offset 14, -4
  38              		.loc 1 5 0
  39 0002 0446     		mov	r4, r0
   6:src/sys/systick.c ****   uint32_t period=get_SYSCLK()/freq;
  40              		.loc 1 6 0
  41 0004 FFF7FEFF 		bl	get_SYSCLK
  42              	.LVL1:
   7:src/sys/systick.c ****   SysTick.LOAD=((period-1)&0x00ffffff);
  43              		.loc 1 7 0
  44 0008 064B     		ldr	r3, .L2
  45 000a B0FBF4F0 		udiv	r0, r0, r4
  46              	.LVL2:
  47 000e 0138     		subs	r0, r0, #1
  48              	.LVL3:
   8:src/sys/systick.c ****   SysTick.VAL=0;
  49              		.loc 1 8 0
  50 0010 0022     		movs	r2, #0
   7:src/sys/systick.c ****   SysTick.LOAD=((period-1)&0x00ffffff);
  51              		.loc 1 7 0
  52 0012 20F07F40 		bic	r0, r0, #-16777216
  53              	.LVL4:
  54 0016 5860     		str	r0, [r3, #4]
  55              		.loc 1 8 0
  56 0018 9A60     		str	r2, [r3, #8]
   9:src/sys/systick.c ****   SysTick.CTRL|=0x7;
  57              		.loc 1 9 0
  58 001a 1A68     		ldr	r2, [r3]
  59 001c 42F00702 		orr	r2, r2, #7
  60 0020 1A60     		str	r2, [r3]
  61 0022 10BD     		pop	{r4, pc}
  62              	.LVL5:
  63              	.L3:
  64              		.align	2
  65              	.L2:
  66 0024 00000000 		.word	SysTick
  67              		.cfi_endproc
  68              	.LFE398:
  69              		.size	SysTick_init, .-SysTick_init
  70              		.align	1
  71              		.global	SysTick_deinit
  72              		.thumb
  73              		.thumb_func
  74              		.type	SysTick_deinit, %function
  75              	SysTick_deinit:
  76              	.LFB399:
  10:src/sys/systick.c **** }
  11:src/sys/systick.c **** 
  12:src/sys/systick.c **** void SysTick_deinit() {
  77              		.loc 1 12 0
  78              		.cfi_startproc
  79              		@ args = 0, pretend = 0, frame = 0
  80              		@ frame_needed = 0, uses_anonymous_args = 0
  81              		@ link register save eliminated.
  13:src/sys/systick.c ****   SysTick.CTRL &= ~0x7;
  82              		.loc 1 13 0
  83 0028 024A     		ldr	r2, .L5
  84 002a 1368     		ldr	r3, [r2]
  85 002c 23F00703 		bic	r3, r3, #7
  86 0030 1360     		str	r3, [r2]
  87 0032 7047     		bx	lr
  88              	.L6:
  89              		.align	2
  90              	.L5:
  91 0034 00000000 		.word	SysTick
  92              		.cfi_endproc
  93              	.LFE399:
  94              		.size	SysTick_deinit, .-SysTick_deinit
  95              	.Letext0:
  96              		.file 2 "/usr/include/newlib/machine/_default_types.h"
  97              		.file 3 "/usr/include/newlib/sys/_stdint.h"
  98              		.file 4 "src/sys/devices.h"
  99              		.file 5 "src/sys/clock.h"
 100              		.section	.debug_info,"",%progbits
 101              	.Ldebug_info0:
 102 0000 18030000 		.4byte	0x318
 103 0004 0400     		.2byte	0x4
 104 0006 00000000 		.4byte	.Ldebug_abbrev0
 105 000a 04       		.byte	0x4
 106 000b 01       		.uleb128 0x1
 107 000c 12000000 		.4byte	.LASF54
 108 0010 0C       		.byte	0xc
 109 0011 27020000 		.4byte	.LASF55
 110 0015 D6010000 		.4byte	.LASF56
 111 0019 00000000 		.4byte	.Ltext0
 112 001d 38000000 		.4byte	.Letext0-.Ltext0
 113 0021 00000000 		.4byte	.Ldebug_line0
 114 0025 02       		.uleb128 0x2
 115 0026 04       		.byte	0x4
 116 0027 07       		.byte	0x7
 117 0028 65020000 		.4byte	.LASF0
 118 002c 02       		.uleb128 0x2
 119 002d 01       		.byte	0x1
 120 002e 06       		.byte	0x6
 121 002f 39020000 		.4byte	.LASF1
 122 0033 02       		.uleb128 0x2
 123 0034 01       		.byte	0x1
 124 0035 08       		.byte	0x8
 125 0036 C8010000 		.4byte	.LASF2
 126 003a 02       		.uleb128 0x2
 127 003b 02       		.byte	0x2
 128 003c 05       		.byte	0x5
 129 003d C7000000 		.4byte	.LASF3
 130 0041 02       		.uleb128 0x2
 131 0042 02       		.byte	0x2
 132 0043 07       		.byte	0x7
 133 0044 B6020000 		.4byte	.LASF4
 134 0048 02       		.uleb128 0x2
 135 0049 04       		.byte	0x4
 136 004a 05       		.byte	0x5
 137 004b AD010000 		.4byte	.LASF5
 138 004f 03       		.uleb128 0x3
 139 0050 1B010000 		.4byte	.LASF9
 140 0054 02       		.byte	0x2
 141 0055 41       		.byte	0x41
 142 0056 5A000000 		.4byte	0x5a
 143 005a 02       		.uleb128 0x2
 144 005b 04       		.byte	0x4
 145 005c 07       		.byte	0x7
 146 005d EF020000 		.4byte	.LASF6
 147 0061 02       		.uleb128 0x2
 148 0062 08       		.byte	0x8
 149 0063 05       		.byte	0x5
 150 0064 8A010000 		.4byte	.LASF7
 151 0068 02       		.uleb128 0x2
 152 0069 08       		.byte	0x8
 153 006a 07       		.byte	0x7
 154 006b 45020000 		.4byte	.LASF8
 155 006f 04       		.uleb128 0x4
 156 0070 04       		.byte	0x4
 157 0071 05       		.byte	0x5
 158 0072 696E7400 		.ascii	"int\000"
 159 0076 03       		.uleb128 0x3
 160 0077 5C020000 		.4byte	.LASF10
 161 007b 03       		.byte	0x3
 162 007c 30       		.byte	0x30
 163 007d 4F000000 		.4byte	0x4f
 164 0081 02       		.uleb128 0x2
 165 0082 04       		.byte	0x4
 166 0083 07       		.byte	0x7
 167 0084 D1000000 		.4byte	.LASF11
 168 0088 05       		.uleb128 0x5
 169 0089 0D010000 		.4byte	.LASF15
 170 008d 10       		.byte	0x10
 171 008e 04       		.byte	0x4
 172 008f 40       		.byte	0x40
 173 0090 C5000000 		.4byte	0xc5
 174 0094 06       		.uleb128 0x6
 175 0095 2C010000 		.4byte	.LASF12
 176 0099 04       		.byte	0x4
 177 009a 41       		.byte	0x41
 178 009b 76000000 		.4byte	0x76
 179 009f 00       		.byte	0
 180 00a0 06       		.uleb128 0x6
 181 00a1 18030000 		.4byte	.LASF13
 182 00a5 04       		.byte	0x4
 183 00a6 42       		.byte	0x42
 184 00a7 76000000 		.4byte	0x76
 185 00ab 04       		.byte	0x4
 186 00ac 07       		.uleb128 0x7
 187 00ad 56414C00 		.ascii	"VAL\000"
 188 00b1 04       		.byte	0x4
 189 00b2 43       		.byte	0x43
 190 00b3 76000000 		.4byte	0x76
 191 00b7 08       		.byte	0x8
 192 00b8 06       		.uleb128 0x6
 193 00b9 98010000 		.4byte	.LASF14
 194 00bd 04       		.byte	0x4
 195 00be 44       		.byte	0x44
 196 00bf 76000000 		.4byte	0x76
 197 00c3 0C       		.byte	0xc
 198 00c4 00       		.byte	0
 199 00c5 05       		.uleb128 0x5
 200 00c6 82020000 		.4byte	.LASF16
 201 00ca 98       		.byte	0x98
 202 00cb 04       		.byte	0x4
 203 00cc 68       		.byte	0x68
 204 00cd 99020000 		.4byte	0x299
 205 00d1 07       		.uleb128 0x7
 206 00d2 435200   		.ascii	"CR\000"
 207 00d5 04       		.byte	0x4
 208 00d6 69       		.byte	0x69
 209 00d7 76000000 		.4byte	0x76
 210 00db 00       		.byte	0
 211 00dc 06       		.uleb128 0x6
 212 00dd 90020000 		.4byte	.LASF17
 213 00e1 04       		.byte	0x4
 214 00e2 6A       		.byte	0x6a
 215 00e3 76000000 		.4byte	0x76
 216 00e7 04       		.byte	0x4
 217 00e8 06       		.uleb128 0x6
 218 00e9 3B010000 		.4byte	.LASF18
 219 00ed 04       		.byte	0x4
 220 00ee 6B       		.byte	0x6b
 221 00ef 76000000 		.4byte	0x76
 222 00f3 08       		.byte	0x8
 223 00f4 07       		.uleb128 0x7
 224 00f5 43495200 		.ascii	"CIR\000"
 225 00f9 04       		.byte	0x4
 226 00fa 6C       		.byte	0x6c
 227 00fb 76000000 		.4byte	0x76
 228 00ff 0C       		.byte	0xc
 229 0100 06       		.uleb128 0x6
 230 0101 2C030000 		.4byte	.LASF19
 231 0105 04       		.byte	0x4
 232 0106 6D       		.byte	0x6d
 233 0107 76000000 		.4byte	0x76
 234 010b 10       		.byte	0x10
 235 010c 06       		.uleb128 0x6
 236 010d 72020000 		.4byte	.LASF20
 237 0111 04       		.byte	0x4
 238 0112 6E       		.byte	0x6e
 239 0113 76000000 		.4byte	0x76
 240 0117 14       		.byte	0x14
 241 0118 06       		.uleb128 0x6
 242 0119 44030000 		.4byte	.LASF21
 243 011d 04       		.byte	0x4
 244 011e 6F       		.byte	0x6f
 245 011f 76000000 		.4byte	0x76
 246 0123 18       		.byte	0x18
 247 0124 06       		.uleb128 0x6
 248 0125 C9020000 		.4byte	.LASF22
 249 0129 04       		.byte	0x4
 250 012a 70       		.byte	0x70
 251 012b 76000000 		.4byte	0x76
 252 012f 1C       		.byte	0x1c
 253 0130 06       		.uleb128 0x6
 254 0131 B6000000 		.4byte	.LASF23
 255 0135 04       		.byte	0x4
 256 0136 71       		.byte	0x71
 257 0137 76000000 		.4byte	0x76
 258 013b 20       		.byte	0x20
 259 013c 06       		.uleb128 0x6
 260 013d BF010000 		.4byte	.LASF24
 261 0141 04       		.byte	0x4
 262 0142 72       		.byte	0x72
 263 0143 76000000 		.4byte	0x76
 264 0147 24       		.byte	0x24
 265 0148 06       		.uleb128 0x6
 266 0149 35030000 		.4byte	.LASF25
 267 014d 04       		.byte	0x4
 268 014e 73       		.byte	0x73
 269 014f 76000000 		.4byte	0x76
 270 0153 28       		.byte	0x28
 271 0154 06       		.uleb128 0x6
 272 0155 62030000 		.4byte	.LASF26
 273 0159 04       		.byte	0x4
 274 015a 74       		.byte	0x74
 275 015b 76000000 		.4byte	0x76
 276 015f 2C       		.byte	0x2c
 277 0160 06       		.uleb128 0x6
 278 0161 10030000 		.4byte	.LASF27
 279 0165 04       		.byte	0x4
 280 0166 75       		.byte	0x75
 281 0167 76000000 		.4byte	0x76
 282 016b 30       		.byte	0x30
 283 016c 06       		.uleb128 0x6
 284 016d BF000000 		.4byte	.LASF28
 285 0171 04       		.byte	0x4
 286 0172 76       		.byte	0x76
 287 0173 76000000 		.4byte	0x76
 288 0177 34       		.byte	0x34
 289 0178 06       		.uleb128 0x6
 290 0179 7D010000 		.4byte	.LASF29
 291 017d 04       		.byte	0x4
 292 017e 77       		.byte	0x77
 293 017f 76000000 		.4byte	0x76
 294 0183 38       		.byte	0x38
 295 0184 06       		.uleb128 0x6
 296 0185 40010000 		.4byte	.LASF30
 297 0189 04       		.byte	0x4
 298 018a 78       		.byte	0x78
 299 018b 76000000 		.4byte	0x76
 300 018f 3C       		.byte	0x3c
 301 0190 06       		.uleb128 0x6
 302 0191 4F010000 		.4byte	.LASF31
 303 0195 04       		.byte	0x4
 304 0196 79       		.byte	0x79
 305 0197 76000000 		.4byte	0x76
 306 019b 40       		.byte	0x40
 307 019c 06       		.uleb128 0x6
 308 019d 1F020000 		.4byte	.LASF32
 309 01a1 04       		.byte	0x4
 310 01a2 7A       		.byte	0x7a
 311 01a3 76000000 		.4byte	0x76
 312 01a7 44       		.byte	0x44
 313 01a8 06       		.uleb128 0x6
 314 01a9 98020000 		.4byte	.LASF33
 315 01ad 04       		.byte	0x4
 316 01ae 7B       		.byte	0x7b
 317 01af 76000000 		.4byte	0x76
 318 01b3 48       		.byte	0x48
 319 01b4 06       		.uleb128 0x6
 320 01b5 6E010000 		.4byte	.LASF34
 321 01b9 04       		.byte	0x4
 322 01ba 7C       		.byte	0x7c
 323 01bb 76000000 		.4byte	0x76
 324 01bf 4C       		.byte	0x4c
 325 01c0 06       		.uleb128 0x6
 326 01c1 00000000 		.4byte	.LASF35
 327 01c5 04       		.byte	0x4
 328 01c6 7D       		.byte	0x7d
 329 01c7 76000000 		.4byte	0x76
 330 01cb 50       		.byte	0x50
 331 01cc 06       		.uleb128 0x6
 332 01cd D8020000 		.4byte	.LASF36
 333 01d1 04       		.byte	0x4
 334 01d2 7E       		.byte	0x7e
 335 01d3 76000000 		.4byte	0x76
 336 01d7 54       		.byte	0x54
 337 01d8 06       		.uleb128 0x6
 338 01d9 31010000 		.4byte	.LASF37
 339 01dd 04       		.byte	0x4
 340 01de 7F       		.byte	0x7f
 341 01df 76000000 		.4byte	0x76
 342 01e3 58       		.byte	0x58
 343 01e4 06       		.uleb128 0x6
 344 01e5 01030000 		.4byte	.LASF38
 345 01e9 04       		.byte	0x4
 346 01ea 80       		.byte	0x80
 347 01eb 76000000 		.4byte	0x76
 348 01ef 5C       		.byte	0x5c
 349 01f0 06       		.uleb128 0x6
 350 01f1 A7020000 		.4byte	.LASF39
 351 01f5 04       		.byte	0x4
 352 01f6 81       		.byte	0x81
 353 01f7 76000000 		.4byte	0x76
 354 01fb 60       		.byte	0x60
 355 01fc 06       		.uleb128 0x6
 356 01fd 58030000 		.4byte	.LASF40
 357 0201 04       		.byte	0x4
 358 0202 82       		.byte	0x82
 359 0203 76000000 		.4byte	0x76
 360 0207 64       		.byte	0x64
 361 0208 06       		.uleb128 0x6
 362 0209 1D030000 		.4byte	.LASF41
 363 020d 04       		.byte	0x4
 364 020e 83       		.byte	0x83
 365 020f 76000000 		.4byte	0x76
 366 0213 68       		.byte	0x68
 367 0214 06       		.uleb128 0x6
 368 0215 A7000000 		.4byte	.LASF42
 369 0219 04       		.byte	0x4
 370 021a 84       		.byte	0x84
 371 021b 76000000 		.4byte	0x76
 372 021f 6C       		.byte	0x6c
 373 0220 06       		.uleb128 0x6
 374 0221 DA000000 		.4byte	.LASF43
 375 0225 04       		.byte	0x4
 376 0226 85       		.byte	0x85
 377 0227 76000000 		.4byte	0x76
 378 022b 70       		.byte	0x70
 379 022c 07       		.uleb128 0x7
 380 022d 43535200 		.ascii	"CSR\000"
 381 0231 04       		.byte	0x4
 382 0232 86       		.byte	0x86
 383 0233 76000000 		.4byte	0x76
 384 0237 74       		.byte	0x74
 385 0238 06       		.uleb128 0x6
 386 0239 F3000000 		.4byte	.LASF44
 387 023d 04       		.byte	0x4
 388 023e 87       		.byte	0x87
 389 023f 76000000 		.4byte	0x76
 390 0243 78       		.byte	0x78
 391 0244 06       		.uleb128 0x6
 392 0245 5F010000 		.4byte	.LASF45
 393 0249 04       		.byte	0x4
 394 024a 88       		.byte	0x88
 395 024b 76000000 		.4byte	0x76
 396 024f 7C       		.byte	0x7c
 397 0250 06       		.uleb128 0x6
 398 0251 26010000 		.4byte	.LASF46
 399 0255 04       		.byte	0x4
 400 0256 89       		.byte	0x89
 401 0257 76000000 		.4byte	0x76
 402 025b 80       		.byte	0x80
 403 025c 06       		.uleb128 0x6
 404 025d 02010000 		.4byte	.LASF47
 405 0261 04       		.byte	0x4
 406 0262 8A       		.byte	0x8a
 407 0263 76000000 		.4byte	0x76
 408 0267 84       		.byte	0x84
 409 0268 06       		.uleb128 0x6
 410 0269 4D030000 		.4byte	.LASF48
 411 026d 04       		.byte	0x4
 412 026e 8B       		.byte	0x8b
 413 026f 76000000 		.4byte	0x76
 414 0273 88       		.byte	0x88
 415 0274 06       		.uleb128 0x6
 416 0275 57010000 		.4byte	.LASF49
 417 0279 04       		.byte	0x4
 418 027a 8C       		.byte	0x8c
 419 027b 76000000 		.4byte	0x76
 420 027f 8C       		.byte	0x8c
 421 0280 06       		.uleb128 0x6
 422 0281 EA000000 		.4byte	.LASF50
 423 0285 04       		.byte	0x4
 424 0286 8D       		.byte	0x8d
 425 0287 76000000 		.4byte	0x76
 426 028b 90       		.byte	0x90
 427 028c 06       		.uleb128 0x6
 428 028d B6010000 		.4byte	.LASF51
 429 0291 04       		.byte	0x4
 430 0292 8E       		.byte	0x8e
 431 0293 76000000 		.4byte	0x76
 432 0297 94       		.byte	0x94
 433 0298 00       		.byte	0
 434 0299 02       		.uleb128 0x2
 435 029a 01       		.byte	0x1
 436 029b 08       		.byte	0x8
 437 029c B1020000 		.4byte	.LASF52
 438 02a0 08       		.uleb128 0x8
 439 02a1 E2020000 		.4byte	.LASF57
 440 02a5 01       		.byte	0x1
 441 02a6 05       		.byte	0x5
 442 02a7 00000000 		.4byte	.LFB398
 443 02ab 28000000 		.4byte	.LFE398-.LFB398
 444 02af 01       		.uleb128 0x1
 445 02b0 9C       		.byte	0x9c
 446 02b1 DD020000 		.4byte	0x2dd
 447 02b5 09       		.uleb128 0x9
 448 02b6 85010000 		.4byte	.LASF58
 449 02ba 01       		.byte	0x1
 450 02bb 05       		.byte	0x5
 451 02bc 76000000 		.4byte	0x76
 452 02c0 00000000 		.4byte	.LLST0
 453 02c4 0A       		.uleb128 0xa
 454 02c5 7B020000 		.4byte	.LASF59
 455 02c9 01       		.byte	0x1
 456 02ca 06       		.byte	0x6
 457 02cb 76000000 		.4byte	0x76
 458 02cf 2C000000 		.4byte	.LLST1
 459 02d3 0B       		.uleb128 0xb
 460 02d4 08000000 		.4byte	.LVL1
 461 02d8 10030000 		.4byte	0x310
 462 02dc 00       		.byte	0
 463 02dd 0C       		.uleb128 0xc
 464 02de 9E010000 		.4byte	.LASF60
 465 02e2 01       		.byte	0x1
 466 02e3 0C       		.byte	0xc
 467 02e4 28000000 		.4byte	.LFB399
 468 02e8 10000000 		.4byte	.LFE399-.LFB399
 469 02ec 01       		.uleb128 0x1
 470 02ed 9C       		.byte	0x9c
 471 02ee 0D       		.uleb128 0xd
 472 02ef 0A000000 		.4byte	.LASF53
 473 02f3 04       		.byte	0x4
 474 02f4 2F02     		.2byte	0x22f
 475 02f6 FA020000 		.4byte	0x2fa
 476 02fa 0E       		.uleb128 0xe
 477 02fb 88000000 		.4byte	0x88
 478 02ff 0F       		.uleb128 0xf
 479 0300 52434300 		.ascii	"RCC\000"
 480 0304 04       		.byte	0x4
 481 0305 3D02     		.2byte	0x23d
 482 0307 0B030000 		.4byte	0x30b
 483 030b 0E       		.uleb128 0xe
 484 030c C5000000 		.4byte	0xc5
 485 0310 10       		.uleb128 0x10
 486 0311 DF000000 		.4byte	.LASF61
 487 0315 DF000000 		.4byte	.LASF61
 488 0319 05       		.byte	0x5
 489 031a 1A       		.byte	0x1a
 490 031b 00       		.byte	0
 491              		.section	.debug_abbrev,"",%progbits
 492              	.Ldebug_abbrev0:
 493 0000 01       		.uleb128 0x1
 494 0001 11       		.uleb128 0x11
 495 0002 01       		.byte	0x1
 496 0003 25       		.uleb128 0x25
 497 0004 0E       		.uleb128 0xe
 498 0005 13       		.uleb128 0x13
 499 0006 0B       		.uleb128 0xb
 500 0007 03       		.uleb128 0x3
 501 0008 0E       		.uleb128 0xe
 502 0009 1B       		.uleb128 0x1b
 503 000a 0E       		.uleb128 0xe
 504 000b 11       		.uleb128 0x11
 505 000c 01       		.uleb128 0x1
 506 000d 12       		.uleb128 0x12
 507 000e 06       		.uleb128 0x6
 508 000f 10       		.uleb128 0x10
 509 0010 17       		.uleb128 0x17
 510 0011 00       		.byte	0
 511 0012 00       		.byte	0
 512 0013 02       		.uleb128 0x2
 513 0014 24       		.uleb128 0x24
 514 0015 00       		.byte	0
 515 0016 0B       		.uleb128 0xb
 516 0017 0B       		.uleb128 0xb
 517 0018 3E       		.uleb128 0x3e
 518 0019 0B       		.uleb128 0xb
 519 001a 03       		.uleb128 0x3
 520 001b 0E       		.uleb128 0xe
 521 001c 00       		.byte	0
 522 001d 00       		.byte	0
 523 001e 03       		.uleb128 0x3
 524 001f 16       		.uleb128 0x16
 525 0020 00       		.byte	0
 526 0021 03       		.uleb128 0x3
 527 0022 0E       		.uleb128 0xe
 528 0023 3A       		.uleb128 0x3a
 529 0024 0B       		.uleb128 0xb
 530 0025 3B       		.uleb128 0x3b
 531 0026 0B       		.uleb128 0xb
 532 0027 49       		.uleb128 0x49
 533 0028 13       		.uleb128 0x13
 534 0029 00       		.byte	0
 535 002a 00       		.byte	0
 536 002b 04       		.uleb128 0x4
 537 002c 24       		.uleb128 0x24
 538 002d 00       		.byte	0
 539 002e 0B       		.uleb128 0xb
 540 002f 0B       		.uleb128 0xb
 541 0030 3E       		.uleb128 0x3e
 542 0031 0B       		.uleb128 0xb
 543 0032 03       		.uleb128 0x3
 544 0033 08       		.uleb128 0x8
 545 0034 00       		.byte	0
 546 0035 00       		.byte	0
 547 0036 05       		.uleb128 0x5
 548 0037 13       		.uleb128 0x13
 549 0038 01       		.byte	0x1
 550 0039 03       		.uleb128 0x3
 551 003a 0E       		.uleb128 0xe
 552 003b 0B       		.uleb128 0xb
 553 003c 0B       		.uleb128 0xb
 554 003d 3A       		.uleb128 0x3a
 555 003e 0B       		.uleb128 0xb
 556 003f 3B       		.uleb128 0x3b
 557 0040 0B       		.uleb128 0xb
 558 0041 01       		.uleb128 0x1
 559 0042 13       		.uleb128 0x13
 560 0043 00       		.byte	0
 561 0044 00       		.byte	0
 562 0045 06       		.uleb128 0x6
 563 0046 0D       		.uleb128 0xd
 564 0047 00       		.byte	0
 565 0048 03       		.uleb128 0x3
 566 0049 0E       		.uleb128 0xe
 567 004a 3A       		.uleb128 0x3a
 568 004b 0B       		.uleb128 0xb
 569 004c 3B       		.uleb128 0x3b
 570 004d 0B       		.uleb128 0xb
 571 004e 49       		.uleb128 0x49
 572 004f 13       		.uleb128 0x13
 573 0050 38       		.uleb128 0x38
 574 0051 0B       		.uleb128 0xb
 575 0052 00       		.byte	0
 576 0053 00       		.byte	0
 577 0054 07       		.uleb128 0x7
 578 0055 0D       		.uleb128 0xd
 579 0056 00       		.byte	0
 580 0057 03       		.uleb128 0x3
 581 0058 08       		.uleb128 0x8
 582 0059 3A       		.uleb128 0x3a
 583 005a 0B       		.uleb128 0xb
 584 005b 3B       		.uleb128 0x3b
 585 005c 0B       		.uleb128 0xb
 586 005d 49       		.uleb128 0x49
 587 005e 13       		.uleb128 0x13
 588 005f 38       		.uleb128 0x38
 589 0060 0B       		.uleb128 0xb
 590 0061 00       		.byte	0
 591 0062 00       		.byte	0
 592 0063 08       		.uleb128 0x8
 593 0064 2E       		.uleb128 0x2e
 594 0065 01       		.byte	0x1
 595 0066 3F       		.uleb128 0x3f
 596 0067 19       		.uleb128 0x19
 597 0068 03       		.uleb128 0x3
 598 0069 0E       		.uleb128 0xe
 599 006a 3A       		.uleb128 0x3a
 600 006b 0B       		.uleb128 0xb
 601 006c 3B       		.uleb128 0x3b
 602 006d 0B       		.uleb128 0xb
 603 006e 27       		.uleb128 0x27
 604 006f 19       		.uleb128 0x19
 605 0070 11       		.uleb128 0x11
 606 0071 01       		.uleb128 0x1
 607 0072 12       		.uleb128 0x12
 608 0073 06       		.uleb128 0x6
 609 0074 40       		.uleb128 0x40
 610 0075 18       		.uleb128 0x18
 611 0076 9742     		.uleb128 0x2117
 612 0078 19       		.uleb128 0x19
 613 0079 01       		.uleb128 0x1
 614 007a 13       		.uleb128 0x13
 615 007b 00       		.byte	0
 616 007c 00       		.byte	0
 617 007d 09       		.uleb128 0x9
 618 007e 05       		.uleb128 0x5
 619 007f 00       		.byte	0
 620 0080 03       		.uleb128 0x3
 621 0081 0E       		.uleb128 0xe
 622 0082 3A       		.uleb128 0x3a
 623 0083 0B       		.uleb128 0xb
 624 0084 3B       		.uleb128 0x3b
 625 0085 0B       		.uleb128 0xb
 626 0086 49       		.uleb128 0x49
 627 0087 13       		.uleb128 0x13
 628 0088 02       		.uleb128 0x2
 629 0089 17       		.uleb128 0x17
 630 008a 00       		.byte	0
 631 008b 00       		.byte	0
 632 008c 0A       		.uleb128 0xa
 633 008d 34       		.uleb128 0x34
 634 008e 00       		.byte	0
 635 008f 03       		.uleb128 0x3
 636 0090 0E       		.uleb128 0xe
 637 0091 3A       		.uleb128 0x3a
 638 0092 0B       		.uleb128 0xb
 639 0093 3B       		.uleb128 0x3b
 640 0094 0B       		.uleb128 0xb
 641 0095 49       		.uleb128 0x49
 642 0096 13       		.uleb128 0x13
 643 0097 02       		.uleb128 0x2
 644 0098 17       		.uleb128 0x17
 645 0099 00       		.byte	0
 646 009a 00       		.byte	0
 647 009b 0B       		.uleb128 0xb
 648 009c 898201   		.uleb128 0x4109
 649 009f 00       		.byte	0
 650 00a0 11       		.uleb128 0x11
 651 00a1 01       		.uleb128 0x1
 652 00a2 31       		.uleb128 0x31
 653 00a3 13       		.uleb128 0x13
 654 00a4 00       		.byte	0
 655 00a5 00       		.byte	0
 656 00a6 0C       		.uleb128 0xc
 657 00a7 2E       		.uleb128 0x2e
 658 00a8 00       		.byte	0
 659 00a9 3F       		.uleb128 0x3f
 660 00aa 19       		.uleb128 0x19
 661 00ab 03       		.uleb128 0x3
 662 00ac 0E       		.uleb128 0xe
 663 00ad 3A       		.uleb128 0x3a
 664 00ae 0B       		.uleb128 0xb
 665 00af 3B       		.uleb128 0x3b
 666 00b0 0B       		.uleb128 0xb
 667 00b1 11       		.uleb128 0x11
 668 00b2 01       		.uleb128 0x1
 669 00b3 12       		.uleb128 0x12
 670 00b4 06       		.uleb128 0x6
 671 00b5 40       		.uleb128 0x40
 672 00b6 18       		.uleb128 0x18
 673 00b7 9742     		.uleb128 0x2117
 674 00b9 19       		.uleb128 0x19
 675 00ba 00       		.byte	0
 676 00bb 00       		.byte	0
 677 00bc 0D       		.uleb128 0xd
 678 00bd 34       		.uleb128 0x34
 679 00be 00       		.byte	0
 680 00bf 03       		.uleb128 0x3
 681 00c0 0E       		.uleb128 0xe
 682 00c1 3A       		.uleb128 0x3a
 683 00c2 0B       		.uleb128 0xb
 684 00c3 3B       		.uleb128 0x3b
 685 00c4 05       		.uleb128 0x5
 686 00c5 49       		.uleb128 0x49
 687 00c6 13       		.uleb128 0x13
 688 00c7 3F       		.uleb128 0x3f
 689 00c8 19       		.uleb128 0x19
 690 00c9 3C       		.uleb128 0x3c
 691 00ca 19       		.uleb128 0x19
 692 00cb 00       		.byte	0
 693 00cc 00       		.byte	0
 694 00cd 0E       		.uleb128 0xe
 695 00ce 35       		.uleb128 0x35
 696 00cf 00       		.byte	0
 697 00d0 49       		.uleb128 0x49
 698 00d1 13       		.uleb128 0x13
 699 00d2 00       		.byte	0
 700 00d3 00       		.byte	0
 701 00d4 0F       		.uleb128 0xf
 702 00d5 34       		.uleb128 0x34
 703 00d6 00       		.byte	0
 704 00d7 03       		.uleb128 0x3
 705 00d8 08       		.uleb128 0x8
 706 00d9 3A       		.uleb128 0x3a
 707 00da 0B       		.uleb128 0xb
 708 00db 3B       		.uleb128 0x3b
 709 00dc 05       		.uleb128 0x5
 710 00dd 49       		.uleb128 0x49
 711 00de 13       		.uleb128 0x13
 712 00df 3F       		.uleb128 0x3f
 713 00e0 19       		.uleb128 0x19
 714 00e1 3C       		.uleb128 0x3c
 715 00e2 19       		.uleb128 0x19
 716 00e3 00       		.byte	0
 717 00e4 00       		.byte	0
 718 00e5 10       		.uleb128 0x10
 719 00e6 2E       		.uleb128 0x2e
 720 00e7 00       		.byte	0
 721 00e8 3F       		.uleb128 0x3f
 722 00e9 19       		.uleb128 0x19
 723 00ea 3C       		.uleb128 0x3c
 724 00eb 19       		.uleb128 0x19
 725 00ec 6E       		.uleb128 0x6e
 726 00ed 0E       		.uleb128 0xe
 727 00ee 03       		.uleb128 0x3
 728 00ef 0E       		.uleb128 0xe
 729 00f0 3A       		.uleb128 0x3a
 730 00f1 0B       		.uleb128 0xb
 731 00f2 3B       		.uleb128 0x3b
 732 00f3 0B       		.uleb128 0xb
 733 00f4 00       		.byte	0
 734 00f5 00       		.byte	0
 735 00f6 00       		.byte	0
 736              		.section	.debug_loc,"",%progbits
 737              	.Ldebug_loc0:
 738              	.LLST0:
 739 0000 00000000 		.4byte	.LVL0-.Ltext0
 740 0004 07000000 		.4byte	.LVL1-1-.Ltext0
 741 0008 0100     		.2byte	0x1
 742 000a 50       		.byte	0x50
 743 000b 07000000 		.4byte	.LVL1-1-.Ltext0
 744 000f 24000000 		.4byte	.LVL5-.Ltext0
 745 0013 0100     		.2byte	0x1
 746 0015 54       		.byte	0x54
 747 0016 24000000 		.4byte	.LVL5-.Ltext0
 748 001a 28000000 		.4byte	.LFE398-.Ltext0
 749 001e 0400     		.2byte	0x4
 750 0020 F3       		.byte	0xf3
 751 0021 01       		.uleb128 0x1
 752 0022 50       		.byte	0x50
 753 0023 9F       		.byte	0x9f
 754 0024 00000000 		.4byte	0
 755 0028 00000000 		.4byte	0
 756              	.LLST1:
 757 002c 08000000 		.4byte	.LVL1-.Ltext0
 758 0030 0E000000 		.4byte	.LVL2-.Ltext0
 759 0034 0C00     		.2byte	0xc
 760 0036 70       		.byte	0x70
 761 0037 00       		.sleb128 0
 762 0038 F7       		.byte	0xf7
 763 0039 25       		.uleb128 0x25
 764 003a 74       		.byte	0x74
 765 003b 00       		.sleb128 0
 766 003c F7       		.byte	0xf7
 767 003d 25       		.uleb128 0x25
 768 003e 1B       		.byte	0x1b
 769 003f F7       		.byte	0xf7
 770 0040 00       		.uleb128 0
 771 0041 9F       		.byte	0x9f
 772 0042 0E000000 		.4byte	.LVL2-.Ltext0
 773 0046 10000000 		.4byte	.LVL3-.Ltext0
 774 004a 0100     		.2byte	0x1
 775 004c 50       		.byte	0x50
 776 004d 10000000 		.4byte	.LVL3-.Ltext0
 777 0051 16000000 		.4byte	.LVL4-.Ltext0
 778 0055 0300     		.2byte	0x3
 779 0057 70       		.byte	0x70
 780 0058 01       		.sleb128 1
 781 0059 9F       		.byte	0x9f
 782 005a 00000000 		.4byte	0
 783 005e 00000000 		.4byte	0
 784              		.section	.debug_aranges,"",%progbits
 785 0000 1C000000 		.4byte	0x1c
 786 0004 0200     		.2byte	0x2
 787 0006 00000000 		.4byte	.Ldebug_info0
 788 000a 04       		.byte	0x4
 789 000b 00       		.byte	0
 790 000c 0000     		.2byte	0
 791 000e 0000     		.2byte	0
 792 0010 00000000 		.4byte	.Ltext0
 793 0014 38000000 		.4byte	.Letext0-.Ltext0
 794 0018 00000000 		.4byte	0
 795 001c 00000000 		.4byte	0
 796              		.section	.debug_line,"",%progbits
 797              	.Ldebug_line0:
 798 0000 B1000000 		.section	.debug_str,"MS",%progbits,1
 798      02009500 
 798      00000201 
 798      FB0E0D00 
 798      01010101 
 799              	.LASF35:
 800 0000 41484231 		.ascii	"AHB1LPENR\000"
 800      4C50454E 
 800      5200
 801              	.LASF53:
 802 000a 53797354 		.ascii	"SysTick\000"
 802      69636B00 
 803              	.LASF54:
 804 0012 474E5520 		.ascii	"GNU C99 5.4.1 20160919 -mtune=cortex-m4 -mthumb -ma"
 804      43393920 
 804      352E342E 
 804      31203230 
 804      31363039 
 805 0045 7263683D 		.ascii	"rch=armv7e-m -mfloat-abi=hard -mfpu=fpv4-sp-d16 -g "
 805      61726D76 
 805      37652D6D 
 805      202D6D66 
 805      6C6F6174 
 806 0078 2D4F3020 		.ascii	"-O0 -Os -std=gnu99 -fsingle-precision-constant\000"
 806      2D4F7320 
 806      2D737464 
 806      3D676E75 
 806      3939202D 
 807              	.LASF42:
 808 00a7 5F726573 		.ascii	"_reserved_0x6c\000"
 808      65727665 
 808      645F3078 
 808      366300
 809              	.LASF23:
 810 00b6 41504231 		.ascii	"APB1RSTR\000"
 810      52535452 
 810      00
 811              	.LASF28:
 812 00bf 41484232 		.ascii	"AHB2ENR\000"
 812      454E5200 
 813              	.LASF3:
 814 00c7 73686F72 		.ascii	"short int\000"
 814      7420696E 
 814      7400
 815              	.LASF11:
 816 00d1 73697A65 		.ascii	"sizetype\000"
 816      74797065 
 816      00
 817              	.LASF43:
 818 00da 42444352 		.ascii	"BDCR\000"
 818      00
 819              	.LASF61:
 820 00df 6765745F 		.ascii	"get_SYSCLK\000"
 820      53595343 
 820      4C4B00
 821              	.LASF50:
 822 00ea 434B4741 		.ascii	"CKGATENR\000"
 822      54454E52 
 822      00
 823              	.LASF44:
 824 00f3 5F726573 		.ascii	"_reserved_0x78\000"
 824      65727665 
 824      645F3078 
 824      373800
 825              	.LASF47:
 826 0102 504C4C49 		.ascii	"PLLI2SCFGR\000"
 826      32534346 
 826      475200
 827              	.LASF15:
 828 010d 53544B5F 		.ascii	"STK_registers\000"
 828      72656769 
 828      73746572 
 828      7300
 829              	.LASF9:
 830 011b 5F5F7569 		.ascii	"__uint32_t\000"
 830      6E743332 
 830      5F7400
 831              	.LASF46:
 832 0126 53534347 		.ascii	"SSCGR\000"
 832      5200
 833              	.LASF12:
 834 012c 4354524C 		.ascii	"CTRL\000"
 834      00
 835              	.LASF37:
 836 0131 41484233 		.ascii	"AHB3LPENR\000"
 836      4C50454E 
 836      5200
 837              	.LASF18:
 838 013b 43464752 		.ascii	"CFGR\000"
 838      00
 839              	.LASF30:
 840 0140 5F726573 		.ascii	"_reserved_0x3c\000"
 840      65727665 
 840      645F3078 
 840      336300
 841              	.LASF31:
 842 014f 41504231 		.ascii	"APB1ENR\000"
 842      454E5200 
 843              	.LASF49:
 844 0157 44434B43 		.ascii	"DCKCFGR\000"
 844      46475200 
 845              	.LASF45:
 846 015f 5F726573 		.ascii	"_reserved_0x7c\000"
 846      65727665 
 846      645F3078 
 846      376300
 847              	.LASF34:
 848 016e 5F726573 		.ascii	"_reserved_0x4c\000"
 848      65727665 
 848      645F3078 
 848      346300
 849              	.LASF29:
 850 017d 41484233 		.ascii	"AHB3ENR\000"
 850      454E5200 
 851              	.LASF58:
 852 0185 66726571 		.ascii	"freq\000"
 852      00
 853              	.LASF7:
 854 018a 6C6F6E67 		.ascii	"long long int\000"
 854      206C6F6E 
 854      6720696E 
 854      7400
 855              	.LASF14:
 856 0198 43414C49 		.ascii	"CALIB\000"
 856      4200
 857              	.LASF60:
 858 019e 53797354 		.ascii	"SysTick_deinit\000"
 858      69636B5F 
 858      6465696E 
 858      697400
 859              	.LASF5:
 860 01ad 6C6F6E67 		.ascii	"long int\000"
 860      20696E74 
 860      00
 861              	.LASF51:
 862 01b6 44434B43 		.ascii	"DCKCFGR2\000"
 862      46475232 
 862      00
 863              	.LASF24:
 864 01bf 41504232 		.ascii	"APB2RSTR\000"
 864      52535452 
 864      00
 865              	.LASF2:
 866 01c8 756E7369 		.ascii	"unsigned char\000"
 866      676E6564 
 866      20636861 
 866      7200
 867              	.LASF56:
 868 01d6 2F686F6D 		.ascii	"/home/etudiant/Bureau/CutiaMeaMuzicala_modular_v10 "
 868      652F6574 
 868      75646961 
 868      6E742F42 
 868      75726561 
 869 0209 28636F6D 		.ascii	"(comentat)) (copie 1)\000"
 869      656E7461 
 869      74292920 
 869      28636F70 
 869      69652031 
 870              	.LASF32:
 871 021f 41504232 		.ascii	"APB2ENR\000"
 871      454E5200 
 872              	.LASF55:
 873 0227 7372632F 		.ascii	"src/sys/systick.c\000"
 873      7379732F 
 873      73797374 
 873      69636B2E 
 873      6300
 874              	.LASF1:
 875 0239 7369676E 		.ascii	"signed char\000"
 875      65642063 
 875      68617200 
 876              	.LASF8:
 877 0245 6C6F6E67 		.ascii	"long long unsigned int\000"
 877      206C6F6E 
 877      6720756E 
 877      7369676E 
 877      65642069 
 878              	.LASF10:
 879 025c 75696E74 		.ascii	"uint32_t\000"
 879      33325F74 
 879      00
 880              	.LASF0:
 881 0265 756E7369 		.ascii	"unsigned int\000"
 881      676E6564 
 881      20696E74 
 881      00
 882              	.LASF20:
 883 0272 41484232 		.ascii	"AHB2RSTR\000"
 883      52535452 
 883      00
 884              	.LASF59:
 885 027b 70657269 		.ascii	"period\000"
 885      6F6400
 886              	.LASF16:
 887 0282 5243435F 		.ascii	"RCC_registers\000"
 887      72656769 
 887      73746572 
 887      7300
 888              	.LASF17:
 889 0290 504C4C43 		.ascii	"PLLCFGR\000"
 889      46475200 
 890              	.LASF33:
 891 0298 5F726573 		.ascii	"_reserved_0x48\000"
 891      65727665 
 891      645F3078 
 891      343800
 892              	.LASF39:
 893 02a7 41504231 		.ascii	"APB1LPENR\000"
 893      4C50454E 
 893      5200
 894              	.LASF52:
 895 02b1 63686172 		.ascii	"char\000"
 895      00
 896              	.LASF4:
 897 02b6 73686F72 		.ascii	"short unsigned int\000"
 897      7420756E 
 897      7369676E 
 897      65642069 
 897      6E7400
 898              	.LASF22:
 899 02c9 5F726573 		.ascii	"_reserved_0x1c\000"
 899      65727665 
 899      645F3078 
 899      316300
 900              	.LASF36:
 901 02d8 41484232 		.ascii	"AHB2LPENR\000"
 901      4C50454E 
 901      5200
 902              	.LASF57:
 903 02e2 53797354 		.ascii	"SysTick_init\000"
 903      69636B5F 
 903      696E6974 
 903      00
 904              	.LASF6:
 905 02ef 6C6F6E67 		.ascii	"long unsigned int\000"
 905      20756E73 
 905      69676E65 
 905      6420696E 
 905      7400
 906              	.LASF38:
 907 0301 5F726573 		.ascii	"_reserved_0x5c\000"
 907      65727665 
 907      645F3078 
 907      356300
 908              	.LASF27:
 909 0310 41484231 		.ascii	"AHB1ENR\000"
 909      454E5200 
 910              	.LASF13:
 911 0318 4C4F4144 		.ascii	"LOAD\000"
 911      00
 912              	.LASF41:
 913 031d 5F726573 		.ascii	"_reserved_0x68\000"
 913      65727665 
 913      645F3078 
 913      363800
 914              	.LASF19:
 915 032c 41484231 		.ascii	"AHB1RSTR\000"
 915      52535452 
 915      00
 916              	.LASF25:
 917 0335 5F726573 		.ascii	"_reserved_0x28\000"
 917      65727665 
 917      645F3078 
 917      323800
 918              	.LASF21:
 919 0344 41484233 		.ascii	"AHB3RSTR\000"
 919      52535452 
 919      00
 920              	.LASF48:
 921 034d 504C4C53 		.ascii	"PLLSAICFGR\000"
 921      41494346 
 921      475200
 922              	.LASF40:
 923 0358 41504232 		.ascii	"APB2LPENR\000"
 923      4C50454E 
 923      5200
 924              	.LASF26:
 925 0362 5F726573 		.ascii	"_reserved_0x2c\000"
 925      65727665 
 925      645F3078 
 925      326300
 926              		.ident	"GCC: (15:5.4.1+svn241155-1) 5.4.1 20160919"
DEFINED SYMBOLS
                            *ABS*:0000000000000000 systick.c
     /tmp/ccChYFm0.s:21     .text:0000000000000000 $t
     /tmp/ccChYFm0.s:26     .text:0000000000000000 SysTick_init
     /tmp/ccChYFm0.s:66     .text:0000000000000024 $d
     /tmp/ccChYFm0.s:70     .text:0000000000000028 $t
     /tmp/ccChYFm0.s:75     .text:0000000000000028 SysTick_deinit
     /tmp/ccChYFm0.s:91     .text:0000000000000034 $d
                     .debug_frame:0000000000000010 $d

UNDEFINED SYMBOLS
get_SYSCLK
SysTick
